[0.732s] DEBUG:colcon:Command line arguments: ['/home/gustavo-fuentevilla/.matlab/R2025a/ros2/glnxa64/venv/bin/colcon', 'build', '--merge-install', '--cmake-args', '-DCMAKE_BUILD_TYPE=Release', '-DCMAKE_SHARED_LINKER_FLAGS=-Wl,-no-as-needed', '-DBUILD_TESTING=OFF', '-DALIAS_ROS2_TF2=1', '-DCMAKE_CXX_FLAGS_RELEASE=-O0', '-G', 'Ninja', '-DCMAKE_C_COMPILER=/usr/bin/gcc', '-DCMAKE_CXX_COMPILER=/usr/bin/g++']
[0.733s] DEBUG:colcon:Parsed command line arguments: Namespace(log_base=None, log_level=None, verb_name='build', build_base='build', install_base='install', merge_install=True, symlink_install=False, test_result_base=None, continue_on_error=False, executor='parallel', parallel_workers=24, event_handlers=None, ignore_user_meta=False, metas=['./colcon.meta'], base_paths=['.'], packages_ignore=None, packages_ignore_regex=None, paths=None, packages_up_to=None, packages_up_to_regex=None, packages_above=None, packages_above_and_dependencies=None, packages_above_depth=None, packages_select_by_dep=None, packages_skip_by_dep=None, packages_skip_up_to=None, packages_select_build_failed=False, packages_skip_build_finished=False, packages_select_test_failures=False, packages_skip_test_passed=False, packages_select=None, packages_skip=None, packages_select_regex=None, packages_skip_regex=None, packages_start=None, packages_end=None, cmake_args=['-DCMAKE_BUILD_TYPE=Release', '-DCMAKE_SHARED_LINKER_FLAGS=-Wl,-no-as-needed', '-DBUILD_TESTING=OFF', '-DALIAS_ROS2_TF2=1', '-DCMAKE_CXX_FLAGS_RELEASE=-O0', '-G', 'Ninja', '-DCMAKE_C_COMPILER=/usr/bin/gcc', '-DCMAKE_CXX_COMPILER=/usr/bin/g++'], cmake_target=None, cmake_target_skip_unavailable=False, cmake_clean_cache=False, cmake_clean_first=False, cmake_force_configure=False, ament_cmake_args=None, catkin_cmake_args=None, catkin_skip_building_tests=False, verb_parser=<colcon_defaults.argument_parser.defaults.DefaultArgumentsDecorator object at 0x723a2fc28700>, verb_extension=<colcon_core.verb.build.BuildVerb object at 0x723a2fb9b430>, main=<bound method BuildVerb.main of <colcon_core.verb.build.BuildVerb object at 0x723a2fb9b430>>)
[0.813s] Level 1:colcon.colcon_core.package_discovery:discover_packages(colcon_meta) check parameters
[0.813s] Level 1:colcon.colcon_core.package_discovery:discover_packages(recursive) check parameters
[0.813s] Level 1:colcon.colcon_core.package_discovery:discover_packages(ignore) check parameters
[0.813s] Level 1:colcon.colcon_core.package_discovery:discover_packages(path) check parameters
[0.813s] Level 1:colcon.colcon_core.package_discovery:discover_packages(colcon_meta) discover
[0.813s] Level 1:colcon.colcon_core.package_discovery:discover_packages(recursive) discover
[0.813s] INFO:colcon.colcon_core.package_discovery:Crawling recursively for packages in '/home/gustavo-fuentevilla/MATLAB/Tactile_Defects_Localization/UR/custom/matlab_msg_gen/glnxa64'
[0.813s] Level 1:colcon.colcon_core.package_identification:_identify(.) by extensions ['ignore', 'ignore_ament_install']
[0.814s] Level 1:colcon.colcon_core.package_identification:_identify(.) by extension 'ignore'
[0.814s] Level 1:colcon.colcon_core.package_identification:_identify(.) by extension 'ignore_ament_install'
[0.814s] Level 1:colcon.colcon_core.package_identification:_identify(.) by extensions ['colcon_pkg']
[0.814s] Level 1:colcon.colcon_core.package_identification:_identify(.) by extension 'colcon_pkg'
[0.814s] Level 1:colcon.colcon_core.package_identification:_identify(.) by extensions ['colcon_meta']
[0.814s] Level 1:colcon.colcon_core.package_identification:_identify(.) by extension 'colcon_meta'
[0.814s] Level 1:colcon.colcon_core.package_identification:_identify(.) by extensions ['ros']
[0.814s] Level 1:colcon.colcon_core.package_identification:_identify(.) by extension 'ros'
[0.841s] Level 1:colcon.colcon_core.package_identification:_identify(.) by extensions ['cmake', 'python']
[0.842s] Level 1:colcon.colcon_core.package_identification:_identify(.) by extension 'cmake'
[0.842s] Level 1:colcon.colcon_core.package_identification:_identify(.) by extension 'python'
[0.842s] Level 1:colcon.colcon_core.package_identification:_identify(.) by extensions ['python_setup_py']
[0.842s] Level 1:colcon.colcon_core.package_identification:_identify(.) by extension 'python_setup_py'
[0.842s] Level 1:colcon.colcon_core.package_identification:_identify(build) by extensions ['ignore', 'ignore_ament_install']
[0.842s] Level 1:colcon.colcon_core.package_identification:_identify(build) by extension 'ignore'
[0.842s] Level 1:colcon.colcon_core.package_identification:_identify(build) ignored
[0.842s] Level 1:colcon.colcon_core.package_identification:_identify(install) by extensions ['ignore', 'ignore_ament_install']
[0.842s] Level 1:colcon.colcon_core.package_identification:_identify(install) by extension 'ignore'
[0.842s] Level 1:colcon.colcon_core.package_identification:_identify(install) ignored
[0.842s] Level 1:colcon.colcon_core.package_identification:_identify(log) by extensions ['ignore', 'ignore_ament_install']
[0.842s] Level 1:colcon.colcon_core.package_identification:_identify(log) by extension 'ignore'
[0.842s] Level 1:colcon.colcon_core.package_identification:_identify(log) ignored
[0.843s] Level 1:colcon.colcon_core.package_identification:_identify(src) by extensions ['ignore', 'ignore_ament_install']
[0.843s] Level 1:colcon.colcon_core.package_identification:_identify(src) by extension 'ignore'
[0.843s] Level 1:colcon.colcon_core.package_identification:_identify(src) by extension 'ignore_ament_install'
[0.843s] Level 1:colcon.colcon_core.package_identification:_identify(src) by extensions ['colcon_pkg']
[0.843s] Level 1:colcon.colcon_core.package_identification:_identify(src) by extension 'colcon_pkg'
[0.843s] Level 1:colcon.colcon_core.package_identification:_identify(src) by extensions ['colcon_meta']
[0.843s] Level 1:colcon.colcon_core.package_identification:_identify(src) by extension 'colcon_meta'
[0.843s] Level 1:colcon.colcon_core.package_identification:_identify(src) by extensions ['ros']
[0.843s] Level 1:colcon.colcon_core.package_identification:_identify(src) by extension 'ros'
[0.843s] Level 1:colcon.colcon_core.package_identification:_identify(src) by extensions ['cmake', 'python']
[0.843s] Level 1:colcon.colcon_core.package_identification:_identify(src) by extension 'cmake'
[0.843s] Level 1:colcon.colcon_core.package_identification:_identify(src) by extension 'python'
[0.843s] Level 1:colcon.colcon_core.package_identification:_identify(src) by extensions ['python_setup_py']
[0.843s] Level 1:colcon.colcon_core.package_identification:_identify(src) by extension 'python_setup_py'
[0.843s] Level 1:colcon.colcon_core.package_identification:_identify(src/custom_interfaces) by extensions ['ignore', 'ignore_ament_install']
[0.843s] Level 1:colcon.colcon_core.package_identification:_identify(src/custom_interfaces) by extension 'ignore'
[0.843s] Level 1:colcon.colcon_core.package_identification:_identify(src/custom_interfaces) by extension 'ignore_ament_install'
[0.844s] Level 1:colcon.colcon_core.package_identification:_identify(src/custom_interfaces) by extensions ['colcon_pkg']
[0.844s] Level 1:colcon.colcon_core.package_identification:_identify(src/custom_interfaces) by extension 'colcon_pkg'
[0.844s] Level 1:colcon.colcon_core.package_identification:_identify(src/custom_interfaces) by extensions ['colcon_meta']
[0.844s] Level 1:colcon.colcon_core.package_identification:_identify(src/custom_interfaces) by extension 'colcon_meta'
[0.844s] Level 1:colcon.colcon_core.package_identification:_identify(src/custom_interfaces) by extensions ['ros']
[0.844s] Level 1:colcon.colcon_core.package_identification:_identify(src/custom_interfaces) by extension 'ros'
[0.849s] DEBUG:colcon.colcon_core.package_identification:Package 'src/custom_interfaces' with type 'ros.ament_cmake' and name 'custom_interfaces'
[0.849s] Level 1:colcon.colcon_core.package_discovery:discover_packages(recursive) using defaults
[0.849s] Level 1:colcon.colcon_core.package_discovery:discover_packages(ignore) discover
[0.849s] Level 1:colcon.colcon_core.package_discovery:discover_packages(ignore) using defaults
[0.849s] Level 1:colcon.colcon_core.package_discovery:discover_packages(path) discover
[0.849s] Level 1:colcon.colcon_core.package_discovery:discover_packages(path) using defaults
[0.915s] Level 5:colcon.colcon_core.verb:set package 'custom_interfaces' build argument 'cmake_args' from command line to '['-DCMAKE_BUILD_TYPE=Release', '-DCMAKE_SHARED_LINKER_FLAGS=-Wl,-no-as-needed', '-DBUILD_TESTING=OFF', '-DALIAS_ROS2_TF2=1', '-DCMAKE_CXX_FLAGS_RELEASE=-O0', '-G', 'Ninja', '-DCMAKE_C_COMPILER=/usr/bin/gcc', '-DCMAKE_CXX_COMPILER=/usr/bin/g++']'
[0.915s] Level 5:colcon.colcon_core.verb:set package 'custom_interfaces' build argument 'cmake_target' from command line to 'None'
[0.915s] Level 5:colcon.colcon_core.verb:set package 'custom_interfaces' build argument 'cmake_target_skip_unavailable' from command line to 'False'
[0.915s] Level 5:colcon.colcon_core.verb:set package 'custom_interfaces' build argument 'cmake_clean_cache' from command line to 'False'
[0.916s] Level 5:colcon.colcon_core.verb:set package 'custom_interfaces' build argument 'cmake_clean_first' from command line to 'False'
[0.916s] Level 5:colcon.colcon_core.verb:set package 'custom_interfaces' build argument 'cmake_force_configure' from command line to 'False'
[0.916s] Level 5:colcon.colcon_core.verb:set package 'custom_interfaces' build argument 'ament_cmake_args' from command line to 'None'
[0.916s] Level 5:colcon.colcon_core.verb:set package 'custom_interfaces' build argument 'catkin_cmake_args' from command line to 'None'
[0.916s] Level 5:colcon.colcon_core.verb:set package 'custom_interfaces' build argument 'catkin_skip_building_tests' from command line to 'False'
[0.916s] DEBUG:colcon.colcon_core.verb:Building package 'custom_interfaces' with the following arguments: {'ament_cmake_args': None, 'build_base': '/home/gustavo-fuentevilla/MATLAB/Tactile_Defects_Localization/UR/custom/matlab_msg_gen/glnxa64/build/custom_interfaces', 'catkin_cmake_args': None, 'catkin_skip_building_tests': False, 'cmake_args': ['-DCMAKE_BUILD_TYPE=Release', '-DCMAKE_SHARED_LINKER_FLAGS=-Wl,-no-as-needed', '-DBUILD_TESTING=OFF', '-DALIAS_ROS2_TF2=1', '-DCMAKE_CXX_FLAGS_RELEASE=-O0', '-G', 'Ninja', '-DCMAKE_C_COMPILER=/usr/bin/gcc', '-DCMAKE_CXX_COMPILER=/usr/bin/g++'], 'cmake_clean_cache': False, 'cmake_clean_first': False, 'cmake_force_configure': False, 'cmake_target': None, 'cmake_target_skip_unavailable': False, 'install_base': '/home/gustavo-fuentevilla/MATLAB/Tactile_Defects_Localization/UR/custom/matlab_msg_gen/glnxa64/install', 'merge_install': True, 'path': '/home/gustavo-fuentevilla/MATLAB/Tactile_Defects_Localization/UR/custom/matlab_msg_gen/glnxa64/src/custom_interfaces', 'symlink_install': False, 'test_result_base': None}
[0.918s] INFO:colcon.colcon_core.executor:Executing jobs using 'parallel' executor
[0.933s] DEBUG:colcon.colcon_parallel_executor.executor.parallel:run_until_complete
[0.934s] INFO:colcon.colcon_ros.task.ament_cmake.build:Building ROS package in '/home/gustavo-fuentevilla/MATLAB/Tactile_Defects_Localization/UR/custom/matlab_msg_gen/glnxa64/src/custom_interfaces' with build type 'ament_cmake'
[0.934s] INFO:colcon.colcon_cmake.task.cmake.build:Building CMake package in '/home/gustavo-fuentevilla/MATLAB/Tactile_Defects_Localization/UR/custom/matlab_msg_gen/glnxa64/src/custom_interfaces'
[0.947s] INFO:colcon.colcon_core.plugin_system:Skipping extension 'colcon_core.shell.bat': Not used on non-Windows systems
[0.947s] INFO:colcon.colcon_core.shell:Skip shell extension 'powershell' for command environment: Not usable outside of PowerShell
[0.947s] DEBUG:colcon.colcon_core.shell:Skip shell extension 'dsv' for command environment
[0.972s] DEBUG:colcon.colcon_core.event_handler.log_command:Invoking command in '/home/gustavo-fuentevilla/MATLAB/Tactile_Defects_Localization/UR/custom/matlab_msg_gen/glnxa64/build/custom_interfaces': DEBUGINFOD_URLS=https://debuginfod.ubuntu.com PS1=(venv) VIRTUAL_ENV_PROMPT=(venv) /usr/local/MATLAB/R2025a/bin/glnxa64/cmake/bin/cmake /home/gustavo-fuentevilla/MATLAB/Tactile_Defects_Localization/UR/custom/matlab_msg_gen/glnxa64/src/custom_interfaces -DCMAKE_BUILD_TYPE=Release -DCMAKE_SHARED_LINKER_FLAGS=-Wl,-no-as-needed -DBUILD_TESTING=OFF -DALIAS_ROS2_TF2=1 -DCMAKE_CXX_FLAGS_RELEASE=-O0 -G Ninja -DCMAKE_C_COMPILER=/usr/bin/gcc -DCMAKE_CXX_COMPILER=/usr/bin/g++ -DCMAKE_INSTALL_PREFIX=/home/gustavo-fuentevilla/MATLAB/Tactile_Defects_Localization/UR/custom/matlab_msg_gen/glnxa64/install
[4.008s] DEBUG:colcon.colcon_core.event_handler.log_command:Invoked command in '/home/gustavo-fuentevilla/MATLAB/Tactile_Defects_Localization/UR/custom/matlab_msg_gen/glnxa64/build/custom_interfaces' returned '0': DEBUGINFOD_URLS=https://debuginfod.ubuntu.com PS1=(venv) VIRTUAL_ENV_PROMPT=(venv) /usr/local/MATLAB/R2025a/bin/glnxa64/cmake/bin/cmake /home/gustavo-fuentevilla/MATLAB/Tactile_Defects_Localization/UR/custom/matlab_msg_gen/glnxa64/src/custom_interfaces -DCMAKE_BUILD_TYPE=Release -DCMAKE_SHARED_LINKER_FLAGS=-Wl,-no-as-needed -DBUILD_TESTING=OFF -DALIAS_ROS2_TF2=1 -DCMAKE_CXX_FLAGS_RELEASE=-O0 -G Ninja -DCMAKE_C_COMPILER=/usr/bin/gcc -DCMAKE_CXX_COMPILER=/usr/bin/g++ -DCMAKE_INSTALL_PREFIX=/home/gustavo-fuentevilla/MATLAB/Tactile_Defects_Localization/UR/custom/matlab_msg_gen/glnxa64/install
[4.015s] DEBUG:colcon.colcon_core.event_handler.log_command:Invoking command in '/home/gustavo-fuentevilla/MATLAB/Tactile_Defects_Localization/UR/custom/matlab_msg_gen/glnxa64/build/custom_interfaces': DEBUGINFOD_URLS=https://debuginfod.ubuntu.com PS1=(venv) VIRTUAL_ENV_PROMPT=(venv) /usr/local/MATLAB/R2025a/bin/glnxa64/cmake/bin/cmake --build /home/gustavo-fuentevilla/MATLAB/Tactile_Defects_Localization/UR/custom/matlab_msg_gen/glnxa64/build/custom_interfaces -- -j24 -l24
[21.478s] DEBUG:colcon.colcon_core.event_handler.log_command:Invoked command in '/home/gustavo-fuentevilla/MATLAB/Tactile_Defects_Localization/UR/custom/matlab_msg_gen/glnxa64/build/custom_interfaces' returned '0': DEBUGINFOD_URLS=https://debuginfod.ubuntu.com PS1=(venv) VIRTUAL_ENV_PROMPT=(venv) /usr/local/MATLAB/R2025a/bin/glnxa64/cmake/bin/cmake --build /home/gustavo-fuentevilla/MATLAB/Tactile_Defects_Localization/UR/custom/matlab_msg_gen/glnxa64/build/custom_interfaces -- -j24 -l24
[21.521s] DEBUG:colcon.colcon_core.event_handler.log_command:Invoking command in '/home/gustavo-fuentevilla/MATLAB/Tactile_Defects_Localization/UR/custom/matlab_msg_gen/glnxa64/build/custom_interfaces': DEBUGINFOD_URLS=https://debuginfod.ubuntu.com PS1=(venv) VIRTUAL_ENV_PROMPT=(venv) /usr/local/MATLAB/R2025a/bin/glnxa64/cmake/bin/cmake --install /home/gustavo-fuentevilla/MATLAB/Tactile_Defects_Localization/UR/custom/matlab_msg_gen/glnxa64/build/custom_interfaces
[21.551s] Level 1:colcon.colcon_core.environment:create_environment_scripts_only(custom_interfaces)
[21.552s] DEBUG:colcon.colcon_core.event_handler.log_command:Invoked command in '/home/gustavo-fuentevilla/MATLAB/Tactile_Defects_Localization/UR/custom/matlab_msg_gen/glnxa64/build/custom_interfaces' returned '0': DEBUGINFOD_URLS=https://debuginfod.ubuntu.com PS1=(venv) VIRTUAL_ENV_PROMPT=(venv) /usr/local/MATLAB/R2025a/bin/glnxa64/cmake/bin/cmake --install /home/gustavo-fuentevilla/MATLAB/Tactile_Defects_Localization/UR/custom/matlab_msg_gen/glnxa64/build/custom_interfaces
[21.573s] Level 1:colcon.colcon_core.environment:checking '/home/gustavo-fuentevilla/MATLAB/Tactile_Defects_Localization/UR/custom/matlab_msg_gen/glnxa64/install' for CMake module files
[21.575s] Level 1:colcon.colcon_core.environment:checking '/home/gustavo-fuentevilla/MATLAB/Tactile_Defects_Localization/UR/custom/matlab_msg_gen/glnxa64/install' for CMake config files
[21.575s] Level 1:colcon.colcon_core.shell:create_environment_hook('custom_interfaces', 'cmake_prefix_path')
[21.587s] INFO:colcon.colcon_core.shell:Creating environment hook '/home/gustavo-fuentevilla/MATLAB/Tactile_Defects_Localization/UR/custom/matlab_msg_gen/glnxa64/install/share/custom_interfaces/hook/cmake_prefix_path.ps1'
[21.588s] INFO:colcon.colcon_core.shell:Creating environment descriptor '/home/gustavo-fuentevilla/MATLAB/Tactile_Defects_Localization/UR/custom/matlab_msg_gen/glnxa64/install/share/custom_interfaces/hook/cmake_prefix_path.dsv'
[21.589s] INFO:colcon.colcon_core.shell:Creating environment hook '/home/gustavo-fuentevilla/MATLAB/Tactile_Defects_Localization/UR/custom/matlab_msg_gen/glnxa64/install/share/custom_interfaces/hook/cmake_prefix_path.sh'
[21.590s] Level 1:colcon.colcon_core.environment:checking '/home/gustavo-fuentevilla/MATLAB/Tactile_Defects_Localization/UR/custom/matlab_msg_gen/glnxa64/install/lib'
[21.591s] Level 1:colcon.colcon_core.shell:create_environment_hook('custom_interfaces', 'ld_library_path_lib')
[21.599s] INFO:colcon.colcon_core.shell:Creating environment hook '/home/gustavo-fuentevilla/MATLAB/Tactile_Defects_Localization/UR/custom/matlab_msg_gen/glnxa64/install/share/custom_interfaces/hook/ld_library_path_lib.ps1'
[21.600s] INFO:colcon.colcon_core.shell:Creating environment descriptor '/home/gustavo-fuentevilla/MATLAB/Tactile_Defects_Localization/UR/custom/matlab_msg_gen/glnxa64/install/share/custom_interfaces/hook/ld_library_path_lib.dsv'
[21.600s] INFO:colcon.colcon_core.shell:Creating environment hook '/home/gustavo-fuentevilla/MATLAB/Tactile_Defects_Localization/UR/custom/matlab_msg_gen/glnxa64/install/share/custom_interfaces/hook/ld_library_path_lib.sh'
[21.600s] Level 1:colcon.colcon_core.environment:checking '/home/gustavo-fuentevilla/MATLAB/Tactile_Defects_Localization/UR/custom/matlab_msg_gen/glnxa64/install/bin'
[21.600s] Level 1:colcon.colcon_core.environment:checking '/home/gustavo-fuentevilla/MATLAB/Tactile_Defects_Localization/UR/custom/matlab_msg_gen/glnxa64/install/lib/pkgconfig/custom_interfaces.pc'
[21.602s] Level 1:colcon.colcon_core.environment:checking '/home/gustavo-fuentevilla/MATLAB/Tactile_Defects_Localization/UR/custom/matlab_msg_gen/glnxa64/install/lib/python3.10/site-packages'
[21.602s] Level 1:colcon.colcon_core.environment:checking '/home/gustavo-fuentevilla/MATLAB/Tactile_Defects_Localization/UR/custom/matlab_msg_gen/glnxa64/install/bin'
[21.613s] INFO:colcon.colcon_core.shell:Creating package script '/home/gustavo-fuentevilla/MATLAB/Tactile_Defects_Localization/UR/custom/matlab_msg_gen/glnxa64/install/share/custom_interfaces/package.ps1'
[21.614s] INFO:colcon.colcon_core.shell:Creating package descriptor '/home/gustavo-fuentevilla/MATLAB/Tactile_Defects_Localization/UR/custom/matlab_msg_gen/glnxa64/install/share/custom_interfaces/package.dsv'
[21.615s] INFO:colcon.colcon_core.shell:Creating package script '/home/gustavo-fuentevilla/MATLAB/Tactile_Defects_Localization/UR/custom/matlab_msg_gen/glnxa64/install/share/custom_interfaces/package.sh'
[21.616s] INFO:colcon.colcon_core.shell:Creating package script '/home/gustavo-fuentevilla/MATLAB/Tactile_Defects_Localization/UR/custom/matlab_msg_gen/glnxa64/install/share/custom_interfaces/package.bash'
[21.617s] INFO:colcon.colcon_core.shell:Creating package script '/home/gustavo-fuentevilla/MATLAB/Tactile_Defects_Localization/UR/custom/matlab_msg_gen/glnxa64/install/share/custom_interfaces/package.zsh'
[21.617s] Level 1:colcon.colcon_core.environment:create_file_with_runtime_dependencies(/home/gustavo-fuentevilla/MATLAB/Tactile_Defects_Localization/UR/custom/matlab_msg_gen/glnxa64/install/share/colcon-core/packages/custom_interfaces)
[21.652s] Level 1:colcon.colcon_core.environment:create_environment_scripts_only(custom_interfaces)
[21.662s] Level 1:colcon.colcon_core.environment:checking '/home/gustavo-fuentevilla/MATLAB/Tactile_Defects_Localization/UR/custom/matlab_msg_gen/glnxa64/install' for CMake module files
[21.663s] Level 1:colcon.colcon_core.environment:checking '/home/gustavo-fuentevilla/MATLAB/Tactile_Defects_Localization/UR/custom/matlab_msg_gen/glnxa64/install' for CMake config files
[21.663s] Level 1:colcon.colcon_core.shell:create_environment_hook('custom_interfaces', 'cmake_prefix_path')
[21.670s] INFO:colcon.colcon_core.shell:Creating environment hook '/home/gustavo-fuentevilla/MATLAB/Tactile_Defects_Localization/UR/custom/matlab_msg_gen/glnxa64/install/share/custom_interfaces/hook/cmake_prefix_path.ps1'
[21.670s] INFO:colcon.colcon_core.shell:Creating environment descriptor '/home/gustavo-fuentevilla/MATLAB/Tactile_Defects_Localization/UR/custom/matlab_msg_gen/glnxa64/install/share/custom_interfaces/hook/cmake_prefix_path.dsv'
[21.671s] INFO:colcon.colcon_core.shell:Creating environment hook '/home/gustavo-fuentevilla/MATLAB/Tactile_Defects_Localization/UR/custom/matlab_msg_gen/glnxa64/install/share/custom_interfaces/hook/cmake_prefix_path.sh'
[21.671s] Level 1:colcon.colcon_core.environment:checking '/home/gustavo-fuentevilla/MATLAB/Tactile_Defects_Localization/UR/custom/matlab_msg_gen/glnxa64/install/lib'
[21.671s] Level 1:colcon.colcon_core.shell:create_environment_hook('custom_interfaces', 'ld_library_path_lib')
[21.681s] INFO:colcon.colcon_core.shell:Creating environment hook '/home/gustavo-fuentevilla/MATLAB/Tactile_Defects_Localization/UR/custom/matlab_msg_gen/glnxa64/install/share/custom_interfaces/hook/ld_library_path_lib.ps1'
[21.682s] INFO:colcon.colcon_core.shell:Creating environment descriptor '/home/gustavo-fuentevilla/MATLAB/Tactile_Defects_Localization/UR/custom/matlab_msg_gen/glnxa64/install/share/custom_interfaces/hook/ld_library_path_lib.dsv'
[21.682s] INFO:colcon.colcon_core.shell:Creating environment hook '/home/gustavo-fuentevilla/MATLAB/Tactile_Defects_Localization/UR/custom/matlab_msg_gen/glnxa64/install/share/custom_interfaces/hook/ld_library_path_lib.sh'
[21.682s] Level 1:colcon.colcon_core.environment:checking '/home/gustavo-fuentevilla/MATLAB/Tactile_Defects_Localization/UR/custom/matlab_msg_gen/glnxa64/install/bin'
[21.683s] Level 1:colcon.colcon_core.environment:checking '/home/gustavo-fuentevilla/MATLAB/Tactile_Defects_Localization/UR/custom/matlab_msg_gen/glnxa64/install/lib/pkgconfig/custom_interfaces.pc'
[21.683s] Level 1:colcon.colcon_core.environment:checking '/home/gustavo-fuentevilla/MATLAB/Tactile_Defects_Localization/UR/custom/matlab_msg_gen/glnxa64/install/lib/python3.10/site-packages'
[21.683s] Level 1:colcon.colcon_core.environment:checking '/home/gustavo-fuentevilla/MATLAB/Tactile_Defects_Localization/UR/custom/matlab_msg_gen/glnxa64/install/bin'
[21.692s] INFO:colcon.colcon_core.shell:Creating package script '/home/gustavo-fuentevilla/MATLAB/Tactile_Defects_Localization/UR/custom/matlab_msg_gen/glnxa64/install/share/custom_interfaces/package.ps1'
[21.692s] INFO:colcon.colcon_core.shell:Creating package descriptor '/home/gustavo-fuentevilla/MATLAB/Tactile_Defects_Localization/UR/custom/matlab_msg_gen/glnxa64/install/share/custom_interfaces/package.dsv'
[21.693s] INFO:colcon.colcon_core.shell:Creating package script '/home/gustavo-fuentevilla/MATLAB/Tactile_Defects_Localization/UR/custom/matlab_msg_gen/glnxa64/install/share/custom_interfaces/package.sh'
[21.693s] INFO:colcon.colcon_core.shell:Creating package script '/home/gustavo-fuentevilla/MATLAB/Tactile_Defects_Localization/UR/custom/matlab_msg_gen/glnxa64/install/share/custom_interfaces/package.bash'
[21.693s] INFO:colcon.colcon_core.shell:Creating package script '/home/gustavo-fuentevilla/MATLAB/Tactile_Defects_Localization/UR/custom/matlab_msg_gen/glnxa64/install/share/custom_interfaces/package.zsh'
[21.694s] Level 1:colcon.colcon_core.environment:create_file_with_runtime_dependencies(/home/gustavo-fuentevilla/MATLAB/Tactile_Defects_Localization/UR/custom/matlab_msg_gen/glnxa64/install/share/colcon-core/packages/custom_interfaces)
[21.694s] DEBUG:colcon.colcon_parallel_executor.executor.parallel:closing loop
[21.694s] DEBUG:colcon.colcon_parallel_executor.executor.parallel:loop closed
[21.694s] DEBUG:colcon.colcon_parallel_executor.executor.parallel:run_until_complete finished with '0'
[21.694s] DEBUG:colcon.colcon_core.event_reactor:joining thread
[21.705s] INFO:colcon.colcon_core.plugin_system:Skipping extension 'colcon_notification.desktop_notification.notify2': 'notify2' not found
[21.705s] INFO:colcon.colcon_core.plugin_system:Skipping extension 'colcon_notification.desktop_notification.terminal_notifier': Not used on non-Darwin systems
[21.705s] INFO:colcon.colcon_core.plugin_system:Skipping extension 'colcon_notification.desktop_notification.win32': Not used on non-Windows systems
[21.705s] INFO:colcon.colcon_notification.desktop_notification:Sending desktop notification using 'notify_send'
[21.749s] DEBUG:colcon.colcon_core.event_reactor:joined thread
[21.761s] INFO:colcon.colcon_core.shell:Creating prefix script '/home/gustavo-fuentevilla/MATLAB/Tactile_Defects_Localization/UR/custom/matlab_msg_gen/glnxa64/install/local_setup.ps1'
[21.762s] INFO:colcon.colcon_core.shell:Creating prefix util module '/home/gustavo-fuentevilla/MATLAB/Tactile_Defects_Localization/UR/custom/matlab_msg_gen/glnxa64/install/_local_setup_util_ps1.py'
[21.765s] INFO:colcon.colcon_core.shell:Creating prefix chain script '/home/gustavo-fuentevilla/MATLAB/Tactile_Defects_Localization/UR/custom/matlab_msg_gen/glnxa64/install/setup.ps1'
[21.778s] INFO:colcon.colcon_core.shell:Creating prefix script '/home/gustavo-fuentevilla/MATLAB/Tactile_Defects_Localization/UR/custom/matlab_msg_gen/glnxa64/install/local_setup.sh'
[21.779s] INFO:colcon.colcon_core.shell:Creating prefix util module '/home/gustavo-fuentevilla/MATLAB/Tactile_Defects_Localization/UR/custom/matlab_msg_gen/glnxa64/install/_local_setup_util_sh.py'
[21.780s] INFO:colcon.colcon_core.shell:Creating prefix chain script '/home/gustavo-fuentevilla/MATLAB/Tactile_Defects_Localization/UR/custom/matlab_msg_gen/glnxa64/install/setup.sh'
[21.790s] INFO:colcon.colcon_core.shell:Creating prefix script '/home/gustavo-fuentevilla/MATLAB/Tactile_Defects_Localization/UR/custom/matlab_msg_gen/glnxa64/install/local_setup.bash'
[21.790s] INFO:colcon.colcon_core.shell:Creating prefix chain script '/home/gustavo-fuentevilla/MATLAB/Tactile_Defects_Localization/UR/custom/matlab_msg_gen/glnxa64/install/setup.bash'
[21.801s] INFO:colcon.colcon_core.shell:Creating prefix script '/home/gustavo-fuentevilla/MATLAB/Tactile_Defects_Localization/UR/custom/matlab_msg_gen/glnxa64/install/local_setup.zsh'
[21.802s] INFO:colcon.colcon_core.shell:Creating prefix chain script '/home/gustavo-fuentevilla/MATLAB/Tactile_Defects_Localization/UR/custom/matlab_msg_gen/glnxa64/install/setup.zsh'
