[0.055s] Invoking command in '/home/gustavo-fuentevilla/DefectsExp_UR/MATLAB_ws/custom/matlab_msg_gen/glnxa64/build/custom_interfaces': DEBUGINFOD_URLS=https://debuginfod.ubuntu.com PS1=(venv) VIRTUAL_ENV_PROMPT=(venv) /usr/local/MATLAB/R2025a/bin/glnxa64/cmake/bin/cmake --build /home/gustavo-fuentevilla/DefectsExp_UR/MATLAB_ws/custom/matlab_msg_gen/glnxa64/build/custom_interfaces -- -j24 -l24
[0.069s] [0/1] Re-running CMake...
[0.090s] -- Building for ROS 2 Jazzy
[0.091s] -- Found ament_cmake: 2.5.2 (/usr/local/MATLAB/R2025a/sys/ros2/glnxa64/ros2/share/ament_cmake/cmake)
[0.273s] -- Found ament_cmake_ros: 0.12.0 (/usr/local/MATLAB/R2025a/sys/ros2/glnxa64/ros2/share/ament_cmake_ros/cmake)
[0.280s] -- Found rosidl_typesupport_c: 3.2.2 (/usr/local/MATLAB/R2025a/sys/ros2/glnxa64/ros2/share/rosidl_typesupport_c/cmake)
[0.280s] -- Using all available rosidl_typesupport_c: rosidl_typesupport_fastrtps_c;rosidl_typesupport_introspection_c
[0.363s] -- Found rosidl_typesupport_cpp: 3.2.2 (/usr/local/MATLAB/R2025a/sys/ros2/glnxa64/ros2/share/rosidl_typesupport_cpp/cmake)
[0.364s] -- Using all available rosidl_typesupport_cpp: rosidl_typesupport_fastrtps_cpp;rosidl_typesupport_introspection_cpp
[0.409s] -- Found rosidl_default_generators: 1.6.0 (/usr/local/MATLAB/R2025a/sys/ros2/glnxa64/ros2/share/rosidl_default_generators/cmake)
[0.415s] -- Found rosidl_adapter: 4.8.1 (/usr/local/MATLAB/R2025a/sys/ros2/glnxa64/ros2/share/rosidl_adapter/cmake)
[0.418s] -- Found builtin_interfaces: 2.0.2 (/usr/local/MATLAB/R2025a/sys/ros2/glnxa64/ros2/share/builtin_interfaces/cmake)
[0.437s] -- Found class_loader: 2.7.0 (/usr/local/MATLAB/R2025a/sys/ros2/glnxa64/ros2/share/class_loader/cmake)
[0.441s] -- Found geometry_msgs: 5.3.5 (/usr/local/MATLAB/R2025a/sys/ros2/glnxa64/ros2/share/geometry_msgs/cmake)
[0.488s] -- Found rclcpp: 28.1.3 (/usr/local/MATLAB/R2025a/sys/ros2/glnxa64/ros2/share/rclcpp/cmake)
[0.564s] -- Found rmw_implementation_cmake: 7.3.1 (/usr/local/MATLAB/R2025a/sys/ros2/glnxa64/ros2/share/rmw_implementation_cmake/cmake)
[0.566s] -- Found rmw_fastrtps_cpp: 9.0.0 (/usr/local/MATLAB/R2025a/sys/ros2/glnxa64/ros2/share/rmw_fastrtps_cpp/cmake)
[0.639s] -- Using RMW implementation 'rmw_fastrtps_cpp' as default
[1.648s] -- Using all available rosidl_typesupport_c: rosidl_typesupport_fastrtps_c;rosidl_typesupport_introspection_c
[2.163s] -- Using all available rosidl_typesupport_cpp: rosidl_typesupport_fastrtps_cpp;rosidl_typesupport_introspection_cpp
[2.180s] -- Configuring done
[2.233s] -- Generating done
[2.249s] -- Build files have been written to: /home/gustavo-fuentevilla/DefectsExp_UR/MATLAB_ws/custom/matlab_msg_gen/glnxa64/build/custom_interfaces
[2.272s] ninja: no work to do.
[2.277s] Invoked command in '/home/gustavo-fuentevilla/DefectsExp_UR/MATLAB_ws/custom/matlab_msg_gen/glnxa64/build/custom_interfaces' returned '0': DEBUGINFOD_URLS=https://debuginfod.ubuntu.com PS1=(venv) VIRTUAL_ENV_PROMPT=(venv) /usr/local/MATLAB/R2025a/bin/glnxa64/cmake/bin/cmake --build /home/gustavo-fuentevilla/DefectsExp_UR/MATLAB_ws/custom/matlab_msg_gen/glnxa64/build/custom_interfaces -- -j24 -l24
[2.312s] Invoking command in '/home/gustavo-fuentevilla/DefectsExp_UR/MATLAB_ws/custom/matlab_msg_gen/glnxa64/build/custom_interfaces': DEBUGINFOD_URLS=https://debuginfod.ubuntu.com PS1=(venv) VIRTUAL_ENV_PROMPT=(venv) /usr/local/MATLAB/R2025a/bin/glnxa64/cmake/bin/cmake --install /home/gustavo-fuentevilla/DefectsExp_UR/MATLAB_ws/custom/matlab_msg_gen/glnxa64/build/custom_interfaces
[2.319s] -- Install configuration: "Release"
[2.319s] -- Up-to-date: /home/gustavo-fuentevilla/DefectsExp_UR/MATLAB_ws/custom/matlab_msg_gen/glnxa64/install/share/ament_index/resource_index/rosidl_interfaces/custom_interfaces
[2.320s] -- Up-to-date: /home/gustavo-fuentevilla/DefectsExp_UR/MATLAB_ws/custom/matlab_msg_gen/glnxa64/install/share/custom_interfaces/msg/SyncData.json
[2.320s] -- Up-to-date: /home/gustavo-fuentevilla/DefectsExp_UR/MATLAB_ws/custom/matlab_msg_gen/glnxa64/install/include/custom_interfaces/custom_interfaces
[2.320s] -- Up-to-date: /home/gustavo-fuentevilla/DefectsExp_UR/MATLAB_ws/custom/matlab_msg_gen/glnxa64/install/include/custom_interfaces/custom_interfaces/msg
[2.320s] -- Up-to-date: /home/gustavo-fuentevilla/DefectsExp_UR/MATLAB_ws/custom/matlab_msg_gen/glnxa64/install/include/custom_interfaces/custom_interfaces/msg/sync_data.h
[2.320s] -- Up-to-date: /home/gustavo-fuentevilla/DefectsExp_UR/MATLAB_ws/custom/matlab_msg_gen/glnxa64/install/include/custom_interfaces/custom_interfaces/msg/rosidl_generator_c__visibility_control.h
[2.320s] -- Up-to-date: /home/gustavo-fuentevilla/DefectsExp_UR/MATLAB_ws/custom/matlab_msg_gen/glnxa64/install/include/custom_interfaces/custom_interfaces/msg/detail
[2.320s] -- Up-to-date: /home/gustavo-fuentevilla/DefectsExp_UR/MATLAB_ws/custom/matlab_msg_gen/glnxa64/install/include/custom_interfaces/custom_interfaces/msg/detail/sync_data__functions.h
[2.320s] -- Up-to-date: /home/gustavo-fuentevilla/DefectsExp_UR/MATLAB_ws/custom/matlab_msg_gen/glnxa64/install/include/custom_interfaces/custom_interfaces/msg/detail/sync_data__type_support.c
[2.321s] -- Up-to-date: /home/gustavo-fuentevilla/DefectsExp_UR/MATLAB_ws/custom/matlab_msg_gen/glnxa64/install/include/custom_interfaces/custom_interfaces/msg/detail/sync_data__functions.c
[2.321s] -- Up-to-date: /home/gustavo-fuentevilla/DefectsExp_UR/MATLAB_ws/custom/matlab_msg_gen/glnxa64/install/include/custom_interfaces/custom_interfaces/msg/detail/sync_data__type_support.h
[2.321s] -- Up-to-date: /home/gustavo-fuentevilla/DefectsExp_UR/MATLAB_ws/custom/matlab_msg_gen/glnxa64/install/include/custom_interfaces/custom_interfaces/msg/detail/sync_data__struct.h
[2.321s] -- Up-to-date: /home/gustavo-fuentevilla/DefectsExp_UR/MATLAB_ws/custom/matlab_msg_gen/glnxa64/install/include/custom_interfaces/custom_interfaces/msg/detail/sync_data__description.c
[2.321s] -- Up-to-date: /home/gustavo-fuentevilla/DefectsExp_UR/MATLAB_ws/custom/matlab_msg_gen/glnxa64/install/share/custom_interfaces/environment/library_path.sh
[2.322s] -- Up-to-date: /home/gustavo-fuentevilla/DefectsExp_UR/MATLAB_ws/custom/matlab_msg_gen/glnxa64/install/share/custom_interfaces/environment/library_path.dsv
[2.322s] -- Up-to-date: /home/gustavo-fuentevilla/DefectsExp_UR/MATLAB_ws/custom/matlab_msg_gen/glnxa64/install/lib/libcustom_interfaces__rosidl_generator_c.so
[2.322s] -- Up-to-date: /home/gustavo-fuentevilla/DefectsExp_UR/MATLAB_ws/custom/matlab_msg_gen/glnxa64/install/include/custom_interfaces/custom_interfaces
[2.323s] -- Up-to-date: /home/gustavo-fuentevilla/DefectsExp_UR/MATLAB_ws/custom/matlab_msg_gen/glnxa64/install/include/custom_interfaces/custom_interfaces/msg
[2.323s] -- Up-to-date: /home/gustavo-fuentevilla/DefectsExp_UR/MATLAB_ws/custom/matlab_msg_gen/glnxa64/install/include/custom_interfaces/custom_interfaces/msg/rosidl_typesupport_fastrtps_c__visibility_control.h
[2.323s] -- Up-to-date: /home/gustavo-fuentevilla/DefectsExp_UR/MATLAB_ws/custom/matlab_msg_gen/glnxa64/install/include/custom_interfaces/custom_interfaces/msg/detail
[2.323s] -- Up-to-date: /home/gustavo-fuentevilla/DefectsExp_UR/MATLAB_ws/custom/matlab_msg_gen/glnxa64/install/include/custom_interfaces/custom_interfaces/msg/detail/sync_data__rosidl_typesupport_fastrtps_c.h
[2.323s] -- Up-to-date: /home/gustavo-fuentevilla/DefectsExp_UR/MATLAB_ws/custom/matlab_msg_gen/glnxa64/install/lib/libcustom_interfaces__rosidl_typesupport_fastrtps_c.so
[2.323s] -- Up-to-date: /home/gustavo-fuentevilla/DefectsExp_UR/MATLAB_ws/custom/matlab_msg_gen/glnxa64/install/include/custom_interfaces/custom_interfaces
[2.323s] -- Up-to-date: /home/gustavo-fuentevilla/DefectsExp_UR/MATLAB_ws/custom/matlab_msg_gen/glnxa64/install/include/custom_interfaces/custom_interfaces/msg
[2.323s] -- Up-to-date: /home/gustavo-fuentevilla/DefectsExp_UR/MATLAB_ws/custom/matlab_msg_gen/glnxa64/install/include/custom_interfaces/custom_interfaces/msg/rosidl_typesupport_introspection_c__visibility_control.h
[2.323s] -- Up-to-date: /home/gustavo-fuentevilla/DefectsExp_UR/MATLAB_ws/custom/matlab_msg_gen/glnxa64/install/include/custom_interfaces/custom_interfaces/msg/detail
[2.324s] -- Up-to-date: /home/gustavo-fuentevilla/DefectsExp_UR/MATLAB_ws/custom/matlab_msg_gen/glnxa64/install/include/custom_interfaces/custom_interfaces/msg/detail/sync_data__type_support.c
[2.324s] -- Up-to-date: /home/gustavo-fuentevilla/DefectsExp_UR/MATLAB_ws/custom/matlab_msg_gen/glnxa64/install/include/custom_interfaces/custom_interfaces/msg/detail/sync_data__rosidl_typesupport_introspection_c.h
[2.325s] -- Up-to-date: /home/gustavo-fuentevilla/DefectsExp_UR/MATLAB_ws/custom/matlab_msg_gen/glnxa64/install/lib/libcustom_interfaces__rosidl_typesupport_introspection_c.so
[2.325s] -- Up-to-date: /home/gustavo-fuentevilla/DefectsExp_UR/MATLAB_ws/custom/matlab_msg_gen/glnxa64/install/lib/libcustom_interfaces__rosidl_typesupport_c.so
[2.325s] -- Up-to-date: /home/gustavo-fuentevilla/DefectsExp_UR/MATLAB_ws/custom/matlab_msg_gen/glnxa64/install/include/custom_interfaces/custom_interfaces
[2.325s] -- Up-to-date: /home/gustavo-fuentevilla/DefectsExp_UR/MATLAB_ws/custom/matlab_msg_gen/glnxa64/install/include/custom_interfaces/custom_interfaces/msg
[2.325s] -- Up-to-date: /home/gustavo-fuentevilla/DefectsExp_UR/MATLAB_ws/custom/matlab_msg_gen/glnxa64/install/include/custom_interfaces/custom_interfaces/msg/sync_data.hpp
[2.325s] -- Up-to-date: /home/gustavo-fuentevilla/DefectsExp_UR/MATLAB_ws/custom/matlab_msg_gen/glnxa64/install/include/custom_interfaces/custom_interfaces/msg/rosidl_generator_cpp__visibility_control.hpp
[2.325s] -- Up-to-date: /home/gustavo-fuentevilla/DefectsExp_UR/MATLAB_ws/custom/matlab_msg_gen/glnxa64/install/include/custom_interfaces/custom_interfaces/msg/detail
[2.325s] -- Up-to-date: /home/gustavo-fuentevilla/DefectsExp_UR/MATLAB_ws/custom/matlab_msg_gen/glnxa64/install/include/custom_interfaces/custom_interfaces/msg/detail/sync_data__struct.hpp
[2.325s] -- Up-to-date: /home/gustavo-fuentevilla/DefectsExp_UR/MATLAB_ws/custom/matlab_msg_gen/glnxa64/install/include/custom_interfaces/custom_interfaces/msg/detail/sync_data__builder.hpp
[2.326s] -- Up-to-date: /home/gustavo-fuentevilla/DefectsExp_UR/MATLAB_ws/custom/matlab_msg_gen/glnxa64/install/include/custom_interfaces/custom_interfaces/msg/detail/sync_data__type_support.hpp
[2.326s] -- Up-to-date: /home/gustavo-fuentevilla/DefectsExp_UR/MATLAB_ws/custom/matlab_msg_gen/glnxa64/install/include/custom_interfaces/custom_interfaces/msg/detail/sync_data__traits.hpp
[2.326s] -- Up-to-date: /home/gustavo-fuentevilla/DefectsExp_UR/MATLAB_ws/custom/matlab_msg_gen/glnxa64/install/include/custom_interfaces/custom_interfaces
[2.326s] -- Up-to-date: /home/gustavo-fuentevilla/DefectsExp_UR/MATLAB_ws/custom/matlab_msg_gen/glnxa64/install/include/custom_interfaces/custom_interfaces/msg
[2.326s] -- Up-to-date: /home/gustavo-fuentevilla/DefectsExp_UR/MATLAB_ws/custom/matlab_msg_gen/glnxa64/install/include/custom_interfaces/custom_interfaces/msg/detail
[2.326s] -- Up-to-date: /home/gustavo-fuentevilla/DefectsExp_UR/MATLAB_ws/custom/matlab_msg_gen/glnxa64/install/include/custom_interfaces/custom_interfaces/msg/detail/dds_fastrtps
[2.327s] -- Up-to-date: /home/gustavo-fuentevilla/DefectsExp_UR/MATLAB_ws/custom/matlab_msg_gen/glnxa64/install/include/custom_interfaces/custom_interfaces/msg/detail/sync_data__rosidl_typesupport_fastrtps_cpp.hpp
[2.328s] -- Up-to-date: /home/gustavo-fuentevilla/DefectsExp_UR/MATLAB_ws/custom/matlab_msg_gen/glnxa64/install/include/custom_interfaces/custom_interfaces/msg/rosidl_typesupport_fastrtps_cpp__visibility_control.h
[2.328s] -- Up-to-date: /home/gustavo-fuentevilla/DefectsExp_UR/MATLAB_ws/custom/matlab_msg_gen/glnxa64/install/lib/libcustom_interfaces__rosidl_typesupport_fastrtps_cpp.so
[2.328s] -- Up-to-date: /home/gustavo-fuentevilla/DefectsExp_UR/MATLAB_ws/custom/matlab_msg_gen/glnxa64/install/include/custom_interfaces/custom_interfaces
[2.328s] -- Up-to-date: /home/gustavo-fuentevilla/DefectsExp_UR/MATLAB_ws/custom/matlab_msg_gen/glnxa64/install/include/custom_interfaces/custom_interfaces/msg
[2.328s] -- Up-to-date: /home/gustavo-fuentevilla/DefectsExp_UR/MATLAB_ws/custom/matlab_msg_gen/glnxa64/install/include/custom_interfaces/custom_interfaces/msg/detail
[2.328s] -- Up-to-date: /home/gustavo-fuentevilla/DefectsExp_UR/MATLAB_ws/custom/matlab_msg_gen/glnxa64/install/include/custom_interfaces/custom_interfaces/msg/detail/sync_data__type_support.cpp
[2.328s] -- Up-to-date: /home/gustavo-fuentevilla/DefectsExp_UR/MATLAB_ws/custom/matlab_msg_gen/glnxa64/install/include/custom_interfaces/custom_interfaces/msg/detail/sync_data__rosidl_typesupport_introspection_cpp.hpp
[2.329s] -- Up-to-date: /home/gustavo-fuentevilla/DefectsExp_UR/MATLAB_ws/custom/matlab_msg_gen/glnxa64/install/lib/libcustom_interfaces__rosidl_typesupport_introspection_cpp.so
[2.329s] -- Up-to-date: /home/gustavo-fuentevilla/DefectsExp_UR/MATLAB_ws/custom/matlab_msg_gen/glnxa64/install/lib/libcustom_interfaces__rosidl_typesupport_cpp.so
[2.329s] -- Up-to-date: /home/gustavo-fuentevilla/DefectsExp_UR/MATLAB_ws/custom/matlab_msg_gen/glnxa64/install/share/custom_interfaces/msg/SyncData.idl
[2.329s] -- Up-to-date: /home/gustavo-fuentevilla/DefectsExp_UR/MATLAB_ws/custom/matlab_msg_gen/glnxa64/install/share/custom_interfaces/msg/SyncData.msg
[2.329s] -- Up-to-date: /home/gustavo-fuentevilla/DefectsExp_UR/MATLAB_ws/custom/matlab_msg_gen/glnxa64/install/include
[2.329s] -- Up-to-date: /home/gustavo-fuentevilla/DefectsExp_UR/MATLAB_ws/custom/matlab_msg_gen/glnxa64/install/include/custom_interfaces
[2.329s] -- Up-to-date: /home/gustavo-fuentevilla/DefectsExp_UR/MATLAB_ws/custom/matlab_msg_gen/glnxa64/install/include/custom_interfaces/visibility_control.h
[2.329s] -- Up-to-date: /home/gustavo-fuentevilla/DefectsExp_UR/MATLAB_ws/custom/matlab_msg_gen/glnxa64/install/lib/libcustom_interfaces_matlab.so
[2.329s] -- Up-to-date: /home/gustavo-fuentevilla/DefectsExp_UR/MATLAB_ws/custom/matlab_msg_gen/glnxa64/install/m/
[2.330s] -- Up-to-date: /home/gustavo-fuentevilla/DefectsExp_UR/MATLAB_ws/custom/matlab_msg_gen/glnxa64/install/m//+ros
[2.330s] -- Up-to-date: /home/gustavo-fuentevilla/DefectsExp_UR/MATLAB_ws/custom/matlab_msg_gen/glnxa64/install/m//+ros/+internal
[2.330s] -- Up-to-date: /home/gustavo-fuentevilla/DefectsExp_UR/MATLAB_ws/custom/matlab_msg_gen/glnxa64/install/m//+ros/+internal/+ros2
[2.330s] -- Up-to-date: /home/gustavo-fuentevilla/DefectsExp_UR/MATLAB_ws/custom/matlab_msg_gen/glnxa64/install/m//+ros/+internal/+ros2/+custommessages
[2.330s] -- Up-to-date: /home/gustavo-fuentevilla/DefectsExp_UR/MATLAB_ws/custom/matlab_msg_gen/glnxa64/install/m//+ros/+internal/+ros2/+custommessages/+custom_interfaces
[2.330s] -- Up-to-date: /home/gustavo-fuentevilla/DefectsExp_UR/MATLAB_ws/custom/matlab_msg_gen/glnxa64/install/m//+ros/+internal/+ros2/+custommessages/+custom_interfaces/syncData.m
[2.330s] -- Up-to-date: /home/gustavo-fuentevilla/DefectsExp_UR/MATLAB_ws/custom/matlab_msg_gen/glnxa64/install/share/ament_index/resource_index/package_run_dependencies/custom_interfaces
[2.330s] -- Up-to-date: /home/gustavo-fuentevilla/DefectsExp_UR/MATLAB_ws/custom/matlab_msg_gen/glnxa64/install/share/ament_index/resource_index/parent_prefix_path/custom_interfaces
[2.330s] -- Up-to-date: /home/gustavo-fuentevilla/DefectsExp_UR/MATLAB_ws/custom/matlab_msg_gen/glnxa64/install/share/custom_interfaces/environment/ament_prefix_path.sh
[2.330s] -- Up-to-date: /home/gustavo-fuentevilla/DefectsExp_UR/MATLAB_ws/custom/matlab_msg_gen/glnxa64/install/share/custom_interfaces/environment/ament_prefix_path.dsv
[2.332s] -- Up-to-date: /home/gustavo-fuentevilla/DefectsExp_UR/MATLAB_ws/custom/matlab_msg_gen/glnxa64/install/share/custom_interfaces/environment/path.sh
[2.337s] -- Up-to-date: /home/gustavo-fuentevilla/DefectsExp_UR/MATLAB_ws/custom/matlab_msg_gen/glnxa64/install/share/custom_interfaces/environment/path.dsv
[2.344s] -- Up-to-date: /home/gustavo-fuentevilla/DefectsExp_UR/MATLAB_ws/custom/matlab_msg_gen/glnxa64/install/share/custom_interfaces/local_setup.bash
[2.348s] -- Up-to-date: /home/gustavo-fuentevilla/DefectsExp_UR/MATLAB_ws/custom/matlab_msg_gen/glnxa64/install/share/custom_interfaces/local_setup.sh
[2.349s] -- Up-to-date: /home/gustavo-fuentevilla/DefectsExp_UR/MATLAB_ws/custom/matlab_msg_gen/glnxa64/install/share/custom_interfaces/local_setup.zsh
[2.349s] -- Up-to-date: /home/gustavo-fuentevilla/DefectsExp_UR/MATLAB_ws/custom/matlab_msg_gen/glnxa64/install/share/custom_interfaces/local_setup.dsv
[2.349s] -- Installing: /home/gustavo-fuentevilla/DefectsExp_UR/MATLAB_ws/custom/matlab_msg_gen/glnxa64/install/share/custom_interfaces/package.dsv
[2.349s] -- Up-to-date: /home/gustavo-fuentevilla/DefectsExp_UR/MATLAB_ws/custom/matlab_msg_gen/glnxa64/install/share/ament_index/resource_index/packages/custom_interfaces
[2.349s] -- Up-to-date: /home/gustavo-fuentevilla/DefectsExp_UR/MATLAB_ws/custom/matlab_msg_gen/glnxa64/install/share/custom_interfaces/cmake/export_custom_interfaces__rosidl_generator_cExport.cmake
[2.349s] -- Up-to-date: /home/gustavo-fuentevilla/DefectsExp_UR/MATLAB_ws/custom/matlab_msg_gen/glnxa64/install/share/custom_interfaces/cmake/export_custom_interfaces__rosidl_generator_cExport-release.cmake
[2.350s] -- Up-to-date: /home/gustavo-fuentevilla/DefectsExp_UR/MATLAB_ws/custom/matlab_msg_gen/glnxa64/install/share/custom_interfaces/cmake/export_custom_interfaces__rosidl_typesupport_fastrtps_cExport.cmake
[2.350s] -- Up-to-date: /home/gustavo-fuentevilla/DefectsExp_UR/MATLAB_ws/custom/matlab_msg_gen/glnxa64/install/share/custom_interfaces/cmake/export_custom_interfaces__rosidl_typesupport_fastrtps_cExport-release.cmake
[2.350s] -- Up-to-date: /home/gustavo-fuentevilla/DefectsExp_UR/MATLAB_ws/custom/matlab_msg_gen/glnxa64/install/share/custom_interfaces/cmake/custom_interfaces__rosidl_typesupport_introspection_cExport.cmake
[2.351s] -- Up-to-date: /home/gustavo-fuentevilla/DefectsExp_UR/MATLAB_ws/custom/matlab_msg_gen/glnxa64/install/share/custom_interfaces/cmake/custom_interfaces__rosidl_typesupport_introspection_cExport-release.cmake
[2.351s] -- Up-to-date: /home/gustavo-fuentevilla/DefectsExp_UR/MATLAB_ws/custom/matlab_msg_gen/glnxa64/install/share/custom_interfaces/cmake/custom_interfaces__rosidl_typesupport_cExport.cmake
[2.353s] -- Up-to-date: /home/gustavo-fuentevilla/DefectsExp_UR/MATLAB_ws/custom/matlab_msg_gen/glnxa64/install/share/custom_interfaces/cmake/custom_interfaces__rosidl_typesupport_cExport-release.cmake
[2.354s] -- Up-to-date: /home/gustavo-fuentevilla/DefectsExp_UR/MATLAB_ws/custom/matlab_msg_gen/glnxa64/install/share/custom_interfaces/cmake/export_custom_interfaces__rosidl_generator_cppExport.cmake
[2.354s] -- Up-to-date: /home/gustavo-fuentevilla/DefectsExp_UR/MATLAB_ws/custom/matlab_msg_gen/glnxa64/install/share/custom_interfaces/cmake/export_custom_interfaces__rosidl_typesupport_fastrtps_cppExport.cmake
[2.354s] -- Up-to-date: /home/gustavo-fuentevilla/DefectsExp_UR/MATLAB_ws/custom/matlab_msg_gen/glnxa64/install/share/custom_interfaces/cmake/export_custom_interfaces__rosidl_typesupport_fastrtps_cppExport-release.cmake
[2.354s] -- Up-to-date: /home/gustavo-fuentevilla/DefectsExp_UR/MATLAB_ws/custom/matlab_msg_gen/glnxa64/install/share/custom_interfaces/cmake/custom_interfaces__rosidl_typesupport_introspection_cppExport.cmake
[2.354s] -- Up-to-date: /home/gustavo-fuentevilla/DefectsExp_UR/MATLAB_ws/custom/matlab_msg_gen/glnxa64/install/share/custom_interfaces/cmake/custom_interfaces__rosidl_typesupport_introspection_cppExport-release.cmake
[2.354s] -- Up-to-date: /home/gustavo-fuentevilla/DefectsExp_UR/MATLAB_ws/custom/matlab_msg_gen/glnxa64/install/share/custom_interfaces/cmake/custom_interfaces__rosidl_typesupport_cppExport.cmake
[2.355s] -- Up-to-date: /home/gustavo-fuentevilla/DefectsExp_UR/MATLAB_ws/custom/matlab_msg_gen/glnxa64/install/share/custom_interfaces/cmake/custom_interfaces__rosidl_typesupport_cppExport-release.cmake
[2.355s] -- Up-to-date: /home/gustavo-fuentevilla/DefectsExp_UR/MATLAB_ws/custom/matlab_msg_gen/glnxa64/install/share/custom_interfaces/cmake/rosidl_cmake-extras.cmake
[2.355s] -- Up-to-date: /home/gustavo-fuentevilla/DefectsExp_UR/MATLAB_ws/custom/matlab_msg_gen/glnxa64/install/share/custom_interfaces/cmake/ament_cmake_export_dependencies-extras.cmake
[2.355s] -- Up-to-date: /home/gustavo-fuentevilla/DefectsExp_UR/MATLAB_ws/custom/matlab_msg_gen/glnxa64/install/share/custom_interfaces/cmake/ament_cmake_export_include_directories-extras.cmake
[2.355s] -- Up-to-date: /home/gustavo-fuentevilla/DefectsExp_UR/MATLAB_ws/custom/matlab_msg_gen/glnxa64/install/share/custom_interfaces/cmake/ament_cmake_export_libraries-extras.cmake
[2.355s] -- Up-to-date: /home/gustavo-fuentevilla/DefectsExp_UR/MATLAB_ws/custom/matlab_msg_gen/glnxa64/install/share/custom_interfaces/cmake/ament_cmake_export_targets-extras.cmake
[2.355s] -- Up-to-date: /home/gustavo-fuentevilla/DefectsExp_UR/MATLAB_ws/custom/matlab_msg_gen/glnxa64/install/share/custom_interfaces/cmake/rosidl_cmake_export_typesupport_targets-extras.cmake
[2.355s] -- Up-to-date: /home/gustavo-fuentevilla/DefectsExp_UR/MATLAB_ws/custom/matlab_msg_gen/glnxa64/install/share/custom_interfaces/cmake/rosidl_cmake_export_typesupport_libraries-extras.cmake
[2.355s] -- Up-to-date: /home/gustavo-fuentevilla/DefectsExp_UR/MATLAB_ws/custom/matlab_msg_gen/glnxa64/install/share/custom_interfaces/cmake/custom_interfacesConfig.cmake
[2.355s] -- Up-to-date: /home/gustavo-fuentevilla/DefectsExp_UR/MATLAB_ws/custom/matlab_msg_gen/glnxa64/install/share/custom_interfaces/cmake/custom_interfacesConfig-version.cmake
[2.356s] -- Installing: /home/gustavo-fuentevilla/DefectsExp_UR/MATLAB_ws/custom/matlab_msg_gen/glnxa64/install/share/custom_interfaces/package.xml
[2.356s] Invoked command in '/home/gustavo-fuentevilla/DefectsExp_UR/MATLAB_ws/custom/matlab_msg_gen/glnxa64/build/custom_interfaces' returned '0': DEBUGINFOD_URLS=https://debuginfod.ubuntu.com PS1=(venv) VIRTUAL_ENV_PROMPT=(venv) /usr/local/MATLAB/R2025a/bin/glnxa64/cmake/bin/cmake --install /home/gustavo-fuentevilla/DefectsExp_UR/MATLAB_ws/custom/matlab_msg_gen/glnxa64/build/custom_interfaces
