[0.018s] Invoking command in '/home/gustavo-fuentevilla/DefectsExp_UR/MATLAB_ws/custom/matlab_msg_gen/glnxa64/build/custom_interfaces': DEBUGINFOD_URLS=https://debuginfod.ubuntu.com PS1=(venv) VIRTUAL_ENV_PROMPT=(venv) /usr/local/MATLAB/R2025a/bin/glnxa64/cmake/bin/cmake --build /home/gustavo-fuentevilla/DefectsExp_UR/MATLAB_ws/custom/matlab_msg_gen/glnxa64/build/custom_interfaces -- -j24 -l24
[0.028s] [0/1] Re-running CMake...
[0.039s] -- Building for ROS 2 Jazzy
[0.039s] -- Found ament_cmake: 2.5.2 (/usr/local/MATLAB/R2025a/sys/ros2/glnxa64/ros2/share/ament_cmake/cmake)
[0.105s] -- Found ament_cmake_ros: 0.12.0 (/usr/local/MATLAB/R2025a/sys/ros2/glnxa64/ros2/share/ament_cmake_ros/cmake)
[0.107s] -- Found rosidl_typesupport_c: 3.2.2 (/usr/local/MATLAB/R2025a/sys/ros2/glnxa64/ros2/share/rosidl_typesupport_c/cmake)
[0.107s] -- Using all available rosidl_typesupport_c: rosidl_typesupport_fastrtps_c;rosidl_typesupport_introspection_c
[0.132s] -- Found rosidl_typesupport_cpp: 3.2.2 (/usr/local/MATLAB/R2025a/sys/ros2/glnxa64/ros2/share/rosidl_typesupport_cpp/cmake)
[0.132s] -- Using all available rosidl_typesupport_cpp: rosidl_typesupport_fastrtps_cpp;rosidl_typesupport_introspection_cpp
[0.147s] -- Found rosidl_default_generators: 1.6.0 (/usr/local/MATLAB/R2025a/sys/ros2/glnxa64/ros2/share/rosidl_default_generators/cmake)
[0.149s] -- Found rosidl_adapter: 4.8.1 (/usr/local/MATLAB/R2025a/sys/ros2/glnxa64/ros2/share/rosidl_adapter/cmake)
[0.150s] -- Found builtin_interfaces: 2.0.2 (/usr/local/MATLAB/R2025a/sys/ros2/glnxa64/ros2/share/builtin_interfaces/cmake)
[0.156s] -- Found class_loader: 2.7.0 (/usr/local/MATLAB/R2025a/sys/ros2/glnxa64/ros2/share/class_loader/cmake)
[0.157s] -- Found geometry_msgs: 5.3.5 (/usr/local/MATLAB/R2025a/sys/ros2/glnxa64/ros2/share/geometry_msgs/cmake)
[0.172s] -- Found rclcpp: 28.1.3 (/usr/local/MATLAB/R2025a/sys/ros2/glnxa64/ros2/share/rclcpp/cmake)
[0.199s] -- Found rmw_implementation_cmake: 7.3.1 (/usr/local/MATLAB/R2025a/sys/ros2/glnxa64/ros2/share/rmw_implementation_cmake/cmake)
[0.199s] -- Found rmw_fastrtps_cpp: 9.0.0 (/usr/local/MATLAB/R2025a/sys/ros2/glnxa64/ros2/share/rmw_fastrtps_cpp/cmake)
[0.222s] -- Using RMW implementation 'rmw_fastrtps_cpp' as default
[0.535s] -- Using all available rosidl_typesupport_c: rosidl_typesupport_fastrtps_c;rosidl_typesupport_introspection_c
[0.708s] -- Using all available rosidl_typesupport_cpp: rosidl_typesupport_fastrtps_cpp;rosidl_typesupport_introspection_cpp
[0.712s] -- Configuring done
[0.725s] -- Generating done
[0.729s] -- Build files have been written to: /home/gustavo-fuentevilla/DefectsExp_UR/MATLAB_ws/custom/matlab_msg_gen/glnxa64/build/custom_interfaces
[0.737s] ninja: no work to do.
[0.739s] Invoked command in '/home/gustavo-fuentevilla/DefectsExp_UR/MATLAB_ws/custom/matlab_msg_gen/glnxa64/build/custom_interfaces' returned '0': DEBUGINFOD_URLS=https://debuginfod.ubuntu.com PS1=(venv) VIRTUAL_ENV_PROMPT=(venv) /usr/local/MATLAB/R2025a/bin/glnxa64/cmake/bin/cmake --build /home/gustavo-fuentevilla/DefectsExp_UR/MATLAB_ws/custom/matlab_msg_gen/glnxa64/build/custom_interfaces -- -j24 -l24
[0.756s] Invoking command in '/home/gustavo-fuentevilla/DefectsExp_UR/MATLAB_ws/custom/matlab_msg_gen/glnxa64/build/custom_interfaces': DEBUGINFOD_URLS=https://debuginfod.ubuntu.com PS1=(venv) VIRTUAL_ENV_PROMPT=(venv) /usr/local/MATLAB/R2025a/bin/glnxa64/cmake/bin/cmake --install /home/gustavo-fuentevilla/DefectsExp_UR/MATLAB_ws/custom/matlab_msg_gen/glnxa64/build/custom_interfaces
[0.759s] -- Install configuration: "Release"
[0.759s] -- Up-to-date: /home/gustavo-fuentevilla/DefectsExp_UR/MATLAB_ws/custom/matlab_msg_gen/glnxa64/install/share/ament_index/resource_index/rosidl_interfaces/custom_interfaces
[0.759s] -- Up-to-date: /home/gustavo-fuentevilla/DefectsExp_UR/MATLAB_ws/custom/matlab_msg_gen/glnxa64/install/share/custom_interfaces/msg/SyncData.json
[0.759s] -- Up-to-date: /home/gustavo-fuentevilla/DefectsExp_UR/MATLAB_ws/custom/matlab_msg_gen/glnxa64/install/include/custom_interfaces/custom_interfaces
[0.759s] -- Up-to-date: /home/gustavo-fuentevilla/DefectsExp_UR/MATLAB_ws/custom/matlab_msg_gen/glnxa64/install/include/custom_interfaces/custom_interfaces/msg
[0.759s] -- Up-to-date: /home/gustavo-fuentevilla/DefectsExp_UR/MATLAB_ws/custom/matlab_msg_gen/glnxa64/install/include/custom_interfaces/custom_interfaces/msg/sync_data.h
[0.759s] -- Up-to-date: /home/gustavo-fuentevilla/DefectsExp_UR/MATLAB_ws/custom/matlab_msg_gen/glnxa64/install/include/custom_interfaces/custom_interfaces/msg/rosidl_generator_c__visibility_control.h
[0.760s] -- Up-to-date: /home/gustavo-fuentevilla/DefectsExp_UR/MATLAB_ws/custom/matlab_msg_gen/glnxa64/install/include/custom_interfaces/custom_interfaces/msg/detail
[0.760s] -- Up-to-date: /home/gustavo-fuentevilla/DefectsExp_UR/MATLAB_ws/custom/matlab_msg_gen/glnxa64/install/include/custom_interfaces/custom_interfaces/msg/detail/sync_data__functions.h
[0.760s] -- Up-to-date: /home/gustavo-fuentevilla/DefectsExp_UR/MATLAB_ws/custom/matlab_msg_gen/glnxa64/install/include/custom_interfaces/custom_interfaces/msg/detail/sync_data__type_support.c
[0.760s] -- Up-to-date: /home/gustavo-fuentevilla/DefectsExp_UR/MATLAB_ws/custom/matlab_msg_gen/glnxa64/install/include/custom_interfaces/custom_interfaces/msg/detail/sync_data__functions.c
[0.760s] -- Up-to-date: /home/gustavo-fuentevilla/DefectsExp_UR/MATLAB_ws/custom/matlab_msg_gen/glnxa64/install/include/custom_interfaces/custom_interfaces/msg/detail/sync_data__type_support.h
[0.760s] -- Up-to-date: /home/gustavo-fuentevilla/DefectsExp_UR/MATLAB_ws/custom/matlab_msg_gen/glnxa64/install/include/custom_interfaces/custom_interfaces/msg/detail/sync_data__struct.h
[0.760s] -- Up-to-date: /home/gustavo-fuentevilla/DefectsExp_UR/MATLAB_ws/custom/matlab_msg_gen/glnxa64/install/include/custom_interfaces/custom_interfaces/msg/detail/sync_data__description.c
[0.760s] -- Up-to-date: /home/gustavo-fuentevilla/DefectsExp_UR/MATLAB_ws/custom/matlab_msg_gen/glnxa64/install/share/custom_interfaces/environment/library_path.sh
[0.760s] -- Up-to-date: /home/gustavo-fuentevilla/DefectsExp_UR/MATLAB_ws/custom/matlab_msg_gen/glnxa64/install/share/custom_interfaces/environment/library_path.dsv
[0.760s] -- Up-to-date: /home/gustavo-fuentevilla/DefectsExp_UR/MATLAB_ws/custom/matlab_msg_gen/glnxa64/install/lib/libcustom_interfaces__rosidl_generator_c.so
[0.760s] -- Up-to-date: /home/gustavo-fuentevilla/DefectsExp_UR/MATLAB_ws/custom/matlab_msg_gen/glnxa64/install/include/custom_interfaces/custom_interfaces
[0.760s] -- Up-to-date: /home/gustavo-fuentevilla/DefectsExp_UR/MATLAB_ws/custom/matlab_msg_gen/glnxa64/install/include/custom_interfaces/custom_interfaces/msg
[0.760s] -- Up-to-date: /home/gustavo-fuentevilla/DefectsExp_UR/MATLAB_ws/custom/matlab_msg_gen/glnxa64/install/include/custom_interfaces/custom_interfaces/msg/rosidl_typesupport_fastrtps_c__visibility_control.h
[0.760s] -- Up-to-date: /home/gustavo-fuentevilla/DefectsExp_UR/MATLAB_ws/custom/matlab_msg_gen/glnxa64/install/include/custom_interfaces/custom_interfaces/msg/detail
[0.760s] -- Up-to-date: /home/gustavo-fuentevilla/DefectsExp_UR/MATLAB_ws/custom/matlab_msg_gen/glnxa64/install/include/custom_interfaces/custom_interfaces/msg/detail/sync_data__rosidl_typesupport_fastrtps_c.h
[0.760s] -- Up-to-date: /home/gustavo-fuentevilla/DefectsExp_UR/MATLAB_ws/custom/matlab_msg_gen/glnxa64/install/lib/libcustom_interfaces__rosidl_typesupport_fastrtps_c.so
[0.761s] -- Up-to-date: /home/gustavo-fuentevilla/DefectsExp_UR/MATLAB_ws/custom/matlab_msg_gen/glnxa64/install/include/custom_interfaces/custom_interfaces
[0.761s] -- Up-to-date: /home/gustavo-fuentevilla/DefectsExp_UR/MATLAB_ws/custom/matlab_msg_gen/glnxa64/install/include/custom_interfaces/custom_interfaces/msg
[0.761s] -- Up-to-date: /home/gustavo-fuentevilla/DefectsExp_UR/MATLAB_ws/custom/matlab_msg_gen/glnxa64/install/include/custom_interfaces/custom_interfaces/msg/rosidl_typesupport_introspection_c__visibility_control.h
[0.761s] -- Up-to-date: /home/gustavo-fuentevilla/DefectsExp_UR/MATLAB_ws/custom/matlab_msg_gen/glnxa64/install/include/custom_interfaces/custom_interfaces/msg/detail
[0.761s] -- Up-to-date: /home/gustavo-fuentevilla/DefectsExp_UR/MATLAB_ws/custom/matlab_msg_gen/glnxa64/install/include/custom_interfaces/custom_interfaces/msg/detail/sync_data__type_support.c
[0.761s] -- Up-to-date: /home/gustavo-fuentevilla/DefectsExp_UR/MATLAB_ws/custom/matlab_msg_gen/glnxa64/install/include/custom_interfaces/custom_interfaces/msg/detail/sync_data__rosidl_typesupport_introspection_c.h
[0.761s] -- Up-to-date: /home/gustavo-fuentevilla/DefectsExp_UR/MATLAB_ws/custom/matlab_msg_gen/glnxa64/install/lib/libcustom_interfaces__rosidl_typesupport_introspection_c.so
[0.761s] -- Up-to-date: /home/gustavo-fuentevilla/DefectsExp_UR/MATLAB_ws/custom/matlab_msg_gen/glnxa64/install/lib/libcustom_interfaces__rosidl_typesupport_c.so
[0.761s] -- Up-to-date: /home/gustavo-fuentevilla/DefectsExp_UR/MATLAB_ws/custom/matlab_msg_gen/glnxa64/install/include/custom_interfaces/custom_interfaces
[0.761s] -- Up-to-date: /home/gustavo-fuentevilla/DefectsExp_UR/MATLAB_ws/custom/matlab_msg_gen/glnxa64/install/include/custom_interfaces/custom_interfaces/msg
[0.761s] -- Up-to-date: /home/gustavo-fuentevilla/DefectsExp_UR/MATLAB_ws/custom/matlab_msg_gen/glnxa64/install/include/custom_interfaces/custom_interfaces/msg/sync_data.hpp
[0.761s] -- Up-to-date: /home/gustavo-fuentevilla/DefectsExp_UR/MATLAB_ws/custom/matlab_msg_gen/glnxa64/install/include/custom_interfaces/custom_interfaces/msg/rosidl_generator_cpp__visibility_control.hpp
[0.761s] -- Up-to-date: /home/gustavo-fuentevilla/DefectsExp_UR/MATLAB_ws/custom/matlab_msg_gen/glnxa64/install/include/custom_interfaces/custom_interfaces/msg/detail
[0.761s] -- Up-to-date: /home/gustavo-fuentevilla/DefectsExp_UR/MATLAB_ws/custom/matlab_msg_gen/glnxa64/install/include/custom_interfaces/custom_interfaces/msg/detail/sync_data__struct.hpp
[0.761s] -- Up-to-date: /home/gustavo-fuentevilla/DefectsExp_UR/MATLAB_ws/custom/matlab_msg_gen/glnxa64/install/include/custom_interfaces/custom_interfaces/msg/detail/sync_data__builder.hpp
[0.761s] -- Up-to-date: /home/gustavo-fuentevilla/DefectsExp_UR/MATLAB_ws/custom/matlab_msg_gen/glnxa64/install/include/custom_interfaces/custom_interfaces/msg/detail/sync_data__type_support.hpp
[0.762s] -- Up-to-date: /home/gustavo-fuentevilla/DefectsExp_UR/MATLAB_ws/custom/matlab_msg_gen/glnxa64/install/include/custom_interfaces/custom_interfaces/msg/detail/sync_data__traits.hpp
[0.762s] -- Up-to-date: /home/gustavo-fuentevilla/DefectsExp_UR/MATLAB_ws/custom/matlab_msg_gen/glnxa64/install/include/custom_interfaces/custom_interfaces
[0.762s] -- Up-to-date: /home/gustavo-fuentevilla/DefectsExp_UR/MATLAB_ws/custom/matlab_msg_gen/glnxa64/install/include/custom_interfaces/custom_interfaces/msg
[0.762s] -- Up-to-date: /home/gustavo-fuentevilla/DefectsExp_UR/MATLAB_ws/custom/matlab_msg_gen/glnxa64/install/include/custom_interfaces/custom_interfaces/msg/detail
[0.762s] -- Up-to-date: /home/gustavo-fuentevilla/DefectsExp_UR/MATLAB_ws/custom/matlab_msg_gen/glnxa64/install/include/custom_interfaces/custom_interfaces/msg/detail/dds_fastrtps
[0.762s] -- Up-to-date: /home/gustavo-fuentevilla/DefectsExp_UR/MATLAB_ws/custom/matlab_msg_gen/glnxa64/install/include/custom_interfaces/custom_interfaces/msg/detail/sync_data__rosidl_typesupport_fastrtps_cpp.hpp
[0.762s] -- Up-to-date: /home/gustavo-fuentevilla/DefectsExp_UR/MATLAB_ws/custom/matlab_msg_gen/glnxa64/install/include/custom_interfaces/custom_interfaces/msg/rosidl_typesupport_fastrtps_cpp__visibility_control.h
[0.762s] -- Up-to-date: /home/gustavo-fuentevilla/DefectsExp_UR/MATLAB_ws/custom/matlab_msg_gen/glnxa64/install/lib/libcustom_interfaces__rosidl_typesupport_fastrtps_cpp.so
[0.762s] -- Up-to-date: /home/gustavo-fuentevilla/DefectsExp_UR/MATLAB_ws/custom/matlab_msg_gen/glnxa64/install/include/custom_interfaces/custom_interfaces
[0.762s] -- Up-to-date: /home/gustavo-fuentevilla/DefectsExp_UR/MATLAB_ws/custom/matlab_msg_gen/glnxa64/install/include/custom_interfaces/custom_interfaces/msg
[0.762s] -- Up-to-date: /home/gustavo-fuentevilla/DefectsExp_UR/MATLAB_ws/custom/matlab_msg_gen/glnxa64/install/include/custom_interfaces/custom_interfaces/msg/detail
[0.762s] -- Up-to-date: /home/gustavo-fuentevilla/DefectsExp_UR/MATLAB_ws/custom/matlab_msg_gen/glnxa64/install/include/custom_interfaces/custom_interfaces/msg/detail/sync_data__type_support.cpp
[0.762s] -- Up-to-date: /home/gustavo-fuentevilla/DefectsExp_UR/MATLAB_ws/custom/matlab_msg_gen/glnxa64/install/include/custom_interfaces/custom_interfaces/msg/detail/sync_data__rosidl_typesupport_introspection_cpp.hpp
[0.762s] -- Up-to-date: /home/gustavo-fuentevilla/DefectsExp_UR/MATLAB_ws/custom/matlab_msg_gen/glnxa64/install/lib/libcustom_interfaces__rosidl_typesupport_introspection_cpp.so
[0.762s] -- Up-to-date: /home/gustavo-fuentevilla/DefectsExp_UR/MATLAB_ws/custom/matlab_msg_gen/glnxa64/install/lib/libcustom_interfaces__rosidl_typesupport_cpp.so
[0.762s] -- Up-to-date: /home/gustavo-fuentevilla/DefectsExp_UR/MATLAB_ws/custom/matlab_msg_gen/glnxa64/install/share/custom_interfaces/msg/SyncData.idl
[0.763s] -- Up-to-date: /home/gustavo-fuentevilla/DefectsExp_UR/MATLAB_ws/custom/matlab_msg_gen/glnxa64/install/share/custom_interfaces/msg/SyncData.msg
[0.763s] -- Up-to-date: /home/gustavo-fuentevilla/DefectsExp_UR/MATLAB_ws/custom/matlab_msg_gen/glnxa64/install/include
[0.763s] -- Up-to-date: /home/gustavo-fuentevilla/DefectsExp_UR/MATLAB_ws/custom/matlab_msg_gen/glnxa64/install/include/custom_interfaces
[0.763s] -- Up-to-date: /home/gustavo-fuentevilla/DefectsExp_UR/MATLAB_ws/custom/matlab_msg_gen/glnxa64/install/include/custom_interfaces/visibility_control.h
[0.763s] -- Up-to-date: /home/gustavo-fuentevilla/DefectsExp_UR/MATLAB_ws/custom/matlab_msg_gen/glnxa64/install/lib/libcustom_interfaces_matlab.so
[0.763s] -- Up-to-date: /home/gustavo-fuentevilla/DefectsExp_UR/MATLAB_ws/custom/matlab_msg_gen/glnxa64/install/m/
[0.763s] -- Up-to-date: /home/gustavo-fuentevilla/DefectsExp_UR/MATLAB_ws/custom/matlab_msg_gen/glnxa64/install/m//+ros
[0.763s] -- Up-to-date: /home/gustavo-fuentevilla/DefectsExp_UR/MATLAB_ws/custom/matlab_msg_gen/glnxa64/install/m//+ros/+internal
[0.763s] -- Up-to-date: /home/gustavo-fuentevilla/DefectsExp_UR/MATLAB_ws/custom/matlab_msg_gen/glnxa64/install/m//+ros/+internal/+ros2
[0.763s] -- Up-to-date: /home/gustavo-fuentevilla/DefectsExp_UR/MATLAB_ws/custom/matlab_msg_gen/glnxa64/install/m//+ros/+internal/+ros2/+custommessages
[0.763s] -- Up-to-date: /home/gustavo-fuentevilla/DefectsExp_UR/MATLAB_ws/custom/matlab_msg_gen/glnxa64/install/m//+ros/+internal/+ros2/+custommessages/+custom_interfaces
[0.763s] -- Up-to-date: /home/gustavo-fuentevilla/DefectsExp_UR/MATLAB_ws/custom/matlab_msg_gen/glnxa64/install/m//+ros/+internal/+ros2/+custommessages/+custom_interfaces/syncData.m
[0.763s] -- Up-to-date: /home/gustavo-fuentevilla/DefectsExp_UR/MATLAB_ws/custom/matlab_msg_gen/glnxa64/install/share/ament_index/resource_index/package_run_dependencies/custom_interfaces
[0.763s] -- Up-to-date: /home/gustavo-fuentevilla/DefectsExp_UR/MATLAB_ws/custom/matlab_msg_gen/glnxa64/install/share/ament_index/resource_index/parent_prefix_path/custom_interfaces
[0.763s] -- Up-to-date: /home/gustavo-fuentevilla/DefectsExp_UR/MATLAB_ws/custom/matlab_msg_gen/glnxa64/install/share/custom_interfaces/environment/ament_prefix_path.sh
[0.763s] -- Up-to-date: /home/gustavo-fuentevilla/DefectsExp_UR/MATLAB_ws/custom/matlab_msg_gen/glnxa64/install/share/custom_interfaces/environment/ament_prefix_path.dsv
[0.763s] -- Up-to-date: /home/gustavo-fuentevilla/DefectsExp_UR/MATLAB_ws/custom/matlab_msg_gen/glnxa64/install/share/custom_interfaces/environment/path.sh
[0.764s] -- Up-to-date: /home/gustavo-fuentevilla/DefectsExp_UR/MATLAB_ws/custom/matlab_msg_gen/glnxa64/install/share/custom_interfaces/environment/path.dsv
[0.764s] -- Up-to-date: /home/gustavo-fuentevilla/DefectsExp_UR/MATLAB_ws/custom/matlab_msg_gen/glnxa64/install/share/custom_interfaces/local_setup.bash
[0.764s] -- Up-to-date: /home/gustavo-fuentevilla/DefectsExp_UR/MATLAB_ws/custom/matlab_msg_gen/glnxa64/install/share/custom_interfaces/local_setup.sh
[0.764s] -- Up-to-date: /home/gustavo-fuentevilla/DefectsExp_UR/MATLAB_ws/custom/matlab_msg_gen/glnxa64/install/share/custom_interfaces/local_setup.zsh
[0.764s] -- Up-to-date: /home/gustavo-fuentevilla/DefectsExp_UR/MATLAB_ws/custom/matlab_msg_gen/glnxa64/install/share/custom_interfaces/local_setup.dsv
[0.764s] -- Installing: /home/gustavo-fuentevilla/DefectsExp_UR/MATLAB_ws/custom/matlab_msg_gen/glnxa64/install/share/custom_interfaces/package.dsv
[0.764s] -- Up-to-date: /home/gustavo-fuentevilla/DefectsExp_UR/MATLAB_ws/custom/matlab_msg_gen/glnxa64/install/share/ament_index/resource_index/packages/custom_interfaces
[0.764s] -- Up-to-date: /home/gustavo-fuentevilla/DefectsExp_UR/MATLAB_ws/custom/matlab_msg_gen/glnxa64/install/share/custom_interfaces/cmake/export_custom_interfaces__rosidl_generator_cExport.cmake
[0.764s] -- Up-to-date: /home/gustavo-fuentevilla/DefectsExp_UR/MATLAB_ws/custom/matlab_msg_gen/glnxa64/install/share/custom_interfaces/cmake/export_custom_interfaces__rosidl_generator_cExport-release.cmake
[0.764s] -- Up-to-date: /home/gustavo-fuentevilla/DefectsExp_UR/MATLAB_ws/custom/matlab_msg_gen/glnxa64/install/share/custom_interfaces/cmake/export_custom_interfaces__rosidl_typesupport_fastrtps_cExport.cmake
[0.764s] -- Up-to-date: /home/gustavo-fuentevilla/DefectsExp_UR/MATLAB_ws/custom/matlab_msg_gen/glnxa64/install/share/custom_interfaces/cmake/export_custom_interfaces__rosidl_typesupport_fastrtps_cExport-release.cmake
[0.764s] -- Up-to-date: /home/gustavo-fuentevilla/DefectsExp_UR/MATLAB_ws/custom/matlab_msg_gen/glnxa64/install/share/custom_interfaces/cmake/custom_interfaces__rosidl_typesupport_introspection_cExport.cmake
[0.764s] -- Up-to-date: /home/gustavo-fuentevilla/DefectsExp_UR/MATLAB_ws/custom/matlab_msg_gen/glnxa64/install/share/custom_interfaces/cmake/custom_interfaces__rosidl_typesupport_introspection_cExport-release.cmake
[0.764s] -- Up-to-date: /home/gustavo-fuentevilla/DefectsExp_UR/MATLAB_ws/custom/matlab_msg_gen/glnxa64/install/share/custom_interfaces/cmake/custom_interfaces__rosidl_typesupport_cExport.cmake
[0.764s] -- Up-to-date: /home/gustavo-fuentevilla/DefectsExp_UR/MATLAB_ws/custom/matlab_msg_gen/glnxa64/install/share/custom_interfaces/cmake/custom_interfaces__rosidl_typesupport_cExport-release.cmake
[0.765s] -- Up-to-date: /home/gustavo-fuentevilla/DefectsExp_UR/MATLAB_ws/custom/matlab_msg_gen/glnxa64/install/share/custom_interfaces/cmake/export_custom_interfaces__rosidl_generator_cppExport.cmake
[0.765s] -- Up-to-date: /home/gustavo-fuentevilla/DefectsExp_UR/MATLAB_ws/custom/matlab_msg_gen/glnxa64/install/share/custom_interfaces/cmake/export_custom_interfaces__rosidl_typesupport_fastrtps_cppExport.cmake
[0.765s] -- Up-to-date: /home/gustavo-fuentevilla/DefectsExp_UR/MATLAB_ws/custom/matlab_msg_gen/glnxa64/install/share/custom_interfaces/cmake/export_custom_interfaces__rosidl_typesupport_fastrtps_cppExport-release.cmake
[0.765s] -- Up-to-date: /home/gustavo-fuentevilla/DefectsExp_UR/MATLAB_ws/custom/matlab_msg_gen/glnxa64/install/share/custom_interfaces/cmake/custom_interfaces__rosidl_typesupport_introspection_cppExport.cmake
[0.765s] -- Up-to-date: /home/gustavo-fuentevilla/DefectsExp_UR/MATLAB_ws/custom/matlab_msg_gen/glnxa64/install/share/custom_interfaces/cmake/custom_interfaces__rosidl_typesupport_introspection_cppExport-release.cmake
[0.765s] -- Up-to-date: /home/gustavo-fuentevilla/DefectsExp_UR/MATLAB_ws/custom/matlab_msg_gen/glnxa64/install/share/custom_interfaces/cmake/custom_interfaces__rosidl_typesupport_cppExport.cmake
[0.765s] -- Up-to-date: /home/gustavo-fuentevilla/DefectsExp_UR/MATLAB_ws/custom/matlab_msg_gen/glnxa64/install/share/custom_interfaces/cmake/custom_interfaces__rosidl_typesupport_cppExport-release.cmake
[0.765s] -- Up-to-date: /home/gustavo-fuentevilla/DefectsExp_UR/MATLAB_ws/custom/matlab_msg_gen/glnxa64/install/share/custom_interfaces/cmake/rosidl_cmake-extras.cmake
[0.765s] -- Up-to-date: /home/gustavo-fuentevilla/DefectsExp_UR/MATLAB_ws/custom/matlab_msg_gen/glnxa64/install/share/custom_interfaces/cmake/ament_cmake_export_dependencies-extras.cmake
[0.766s] -- Up-to-date: /home/gustavo-fuentevilla/DefectsExp_UR/MATLAB_ws/custom/matlab_msg_gen/glnxa64/install/share/custom_interfaces/cmake/ament_cmake_export_include_directories-extras.cmake
[0.766s] -- Up-to-date: /home/gustavo-fuentevilla/DefectsExp_UR/MATLAB_ws/custom/matlab_msg_gen/glnxa64/install/share/custom_interfaces/cmake/ament_cmake_export_libraries-extras.cmake
[0.766s] -- Up-to-date: /home/gustavo-fuentevilla/DefectsExp_UR/MATLAB_ws/custom/matlab_msg_gen/glnxa64/install/share/custom_interfaces/cmake/ament_cmake_export_targets-extras.cmake
[0.768s] -- Up-to-date: /home/gustavo-fuentevilla/DefectsExp_UR/MATLAB_ws/custom/matlab_msg_gen/glnxa64/install/share/custom_interfaces/cmake/rosidl_cmake_export_typesupport_targets-extras.cmake
[0.768s] -- Up-to-date: /home/gustavo-fuentevilla/DefectsExp_UR/MATLAB_ws/custom/matlab_msg_gen/glnxa64/install/share/custom_interfaces/cmake/rosidl_cmake_export_typesupport_libraries-extras.cmake
[0.768s] -- Up-to-date: /home/gustavo-fuentevilla/DefectsExp_UR/MATLAB_ws/custom/matlab_msg_gen/glnxa64/install/share/custom_interfaces/cmake/custom_interfacesConfig.cmake
[0.768s] -- Up-to-date: /home/gustavo-fuentevilla/DefectsExp_UR/MATLAB_ws/custom/matlab_msg_gen/glnxa64/install/share/custom_interfaces/cmake/custom_interfacesConfig-version.cmake
[0.768s] -- Installing: /home/gustavo-fuentevilla/DefectsExp_UR/MATLAB_ws/custom/matlab_msg_gen/glnxa64/install/share/custom_interfaces/package.xml
[0.768s] Invoked command in '/home/gustavo-fuentevilla/DefectsExp_UR/MATLAB_ws/custom/matlab_msg_gen/glnxa64/build/custom_interfaces' returned '0': DEBUGINFOD_URLS=https://debuginfod.ubuntu.com PS1=(venv) VIRTUAL_ENV_PROMPT=(venv) /usr/local/MATLAB/R2025a/bin/glnxa64/cmake/bin/cmake --install /home/gustavo-fuentevilla/DefectsExp_UR/MATLAB_ws/custom/matlab_msg_gen/glnxa64/build/custom_interfaces
