[0.291s] DEBUG:colcon:Command line arguments: ['/home/gustavo-fuentevilla/.matlab/R2025a/ros2/glnxa64/venv/bin/colcon', 'build', '--merge-install', '--cmake-args', '-DCMAKE_BUILD_TYPE=Release', '-DCMAKE_SHARED_LINKER_FLAGS=-Wl,-no-as-needed', '-DBUILD_TESTING=OFF', '-DALIAS_ROS2_TF2=1', '-DCMAKE_CXX_FLAGS_RELEASE=-O0', '-G', 'Ninja', '-DCMAKE_C_COMPILER=/usr/bin/gcc', '-DCMAKE_CXX_COMPILER=/usr/bin/g++']
[0.291s] DEBUG:colcon:Parsed command line arguments: Namespace(log_base=None, log_level=None, verb_name='build', build_base='build', install_base='install', merge_install=True, symlink_install=False, test_result_base=None, continue_on_error=False, executor='parallel', parallel_workers=24, event_handlers=None, ignore_user_meta=False, metas=['./colcon.meta'], base_paths=['.'], packages_ignore=None, packages_ignore_regex=None, paths=None, packages_up_to=None, packages_up_to_regex=None, packages_above=None, packages_above_and_dependencies=None, packages_above_depth=None, packages_select_by_dep=None, packages_skip_by_dep=None, packages_skip_up_to=None, packages_select_build_failed=False, packages_skip_build_finished=False, packages_select_test_failures=False, packages_skip_test_passed=False, packages_select=None, packages_skip=None, packages_select_regex=None, packages_skip_regex=None, packages_start=None, packages_end=None, cmake_args=['-DCMAKE_BUILD_TYPE=Release', '-DCMAKE_SHARED_LINKER_FLAGS=-Wl,-no-as-needed', '-DBUILD_TESTING=OFF', '-DALIAS_ROS2_TF2=1', '-DCMAKE_CXX_FLAGS_RELEASE=-O0', '-G', 'Ninja', '-DCMAKE_C_COMPILER=/usr/bin/gcc', '-DCMAKE_CXX_COMPILER=/usr/bin/g++'], cmake_target=None, cmake_target_skip_unavailable=False, cmake_clean_cache=False, cmake_clean_first=False, cmake_force_configure=False, ament_cmake_args=None, catkin_cmake_args=None, catkin_skip_building_tests=False, verb_parser=<colcon_defaults.argument_parser.defaults.DefaultArgumentsDecorator object at 0x7f4c96934c40>, verb_extension=<colcon_core.verb.build.BuildVerb object at 0x7f4c968a3850>, main=<bound method BuildVerb.main of <colcon_core.verb.build.BuildVerb object at 0x7f4c968a3850>>)
[0.322s] Level 1:colcon.colcon_core.package_discovery:discover_packages(colcon_meta) check parameters
[0.322s] Level 1:colcon.colcon_core.package_discovery:discover_packages(recursive) check parameters
[0.323s] Level 1:colcon.colcon_core.package_discovery:discover_packages(ignore) check parameters
[0.323s] Level 1:colcon.colcon_core.package_discovery:discover_packages(path) check parameters
[0.323s] Level 1:colcon.colcon_core.package_discovery:discover_packages(colcon_meta) discover
[0.323s] Level 1:colcon.colcon_core.package_discovery:discover_packages(recursive) discover
[0.323s] INFO:colcon.colcon_core.package_discovery:Crawling recursively for packages in '/home/gustavo-fuentevilla/DefectsExp_UR/MATLAB_ws/custom/matlab_msg_gen/glnxa64'
[0.323s] Level 1:colcon.colcon_core.package_identification:_identify(.) by extensions ['ignore', 'ignore_ament_install']
[0.323s] Level 1:colcon.colcon_core.package_identification:_identify(.) by extension 'ignore'
[0.323s] Level 1:colcon.colcon_core.package_identification:_identify(.) by extension 'ignore_ament_install'
[0.323s] Level 1:colcon.colcon_core.package_identification:_identify(.) by extensions ['colcon_pkg']
[0.323s] Level 1:colcon.colcon_core.package_identification:_identify(.) by extension 'colcon_pkg'
[0.323s] Level 1:colcon.colcon_core.package_identification:_identify(.) by extensions ['colcon_meta']
[0.323s] Level 1:colcon.colcon_core.package_identification:_identify(.) by extension 'colcon_meta'
[0.323s] Level 1:colcon.colcon_core.package_identification:_identify(.) by extensions ['ros']
[0.323s] Level 1:colcon.colcon_core.package_identification:_identify(.) by extension 'ros'
[0.338s] Level 1:colcon.colcon_core.package_identification:_identify(.) by extensions ['cmake', 'python']
[0.338s] Level 1:colcon.colcon_core.package_identification:_identify(.) by extension 'cmake'
[0.338s] Level 1:colcon.colcon_core.package_identification:_identify(.) by extension 'python'
[0.338s] Level 1:colcon.colcon_core.package_identification:_identify(.) by extensions ['python_setup_py']
[0.338s] Level 1:colcon.colcon_core.package_identification:_identify(.) by extension 'python_setup_py'
[0.338s] Level 1:colcon.colcon_core.package_identification:_identify(build) by extensions ['ignore', 'ignore_ament_install']
[0.338s] Level 1:colcon.colcon_core.package_identification:_identify(build) by extension 'ignore'
[0.338s] Level 1:colcon.colcon_core.package_identification:_identify(build) ignored
[0.339s] Level 1:colcon.colcon_core.package_identification:_identify(install) by extensions ['ignore', 'ignore_ament_install']
[0.339s] Level 1:colcon.colcon_core.package_identification:_identify(install) by extension 'ignore'
[0.339s] Level 1:colcon.colcon_core.package_identification:_identify(install) ignored
[0.339s] Level 1:colcon.colcon_core.package_identification:_identify(log) by extensions ['ignore', 'ignore_ament_install']
[0.339s] Level 1:colcon.colcon_core.package_identification:_identify(log) by extension 'ignore'
[0.339s] Level 1:colcon.colcon_core.package_identification:_identify(log) ignored
[0.339s] Level 1:colcon.colcon_core.package_identification:_identify(src) by extensions ['ignore', 'ignore_ament_install']
[0.339s] Level 1:colcon.colcon_core.package_identification:_identify(src) by extension 'ignore'
[0.339s] Level 1:colcon.colcon_core.package_identification:_identify(src) by extension 'ignore_ament_install'
[0.339s] Level 1:colcon.colcon_core.package_identification:_identify(src) by extensions ['colcon_pkg']
[0.339s] Level 1:colcon.colcon_core.package_identification:_identify(src) by extension 'colcon_pkg'
[0.339s] Level 1:colcon.colcon_core.package_identification:_identify(src) by extensions ['colcon_meta']
[0.339s] Level 1:colcon.colcon_core.package_identification:_identify(src) by extension 'colcon_meta'
[0.339s] Level 1:colcon.colcon_core.package_identification:_identify(src) by extensions ['ros']
[0.339s] Level 1:colcon.colcon_core.package_identification:_identify(src) by extension 'ros'
[0.339s] Level 1:colcon.colcon_core.package_identification:_identify(src) by extensions ['cmake', 'python']
[0.339s] Level 1:colcon.colcon_core.package_identification:_identify(src) by extension 'cmake'
[0.339s] Level 1:colcon.colcon_core.package_identification:_identify(src) by extension 'python'
[0.339s] Level 1:colcon.colcon_core.package_identification:_identify(src) by extensions ['python_setup_py']
[0.339s] Level 1:colcon.colcon_core.package_identification:_identify(src) by extension 'python_setup_py'
[0.339s] Level 1:colcon.colcon_core.package_identification:_identify(src/custom_interfaces) by extensions ['ignore', 'ignore_ament_install']
[0.339s] Level 1:colcon.colcon_core.package_identification:_identify(src/custom_interfaces) by extension 'ignore'
[0.339s] Level 1:colcon.colcon_core.package_identification:_identify(src/custom_interfaces) by extension 'ignore_ament_install'
[0.339s] Level 1:colcon.colcon_core.package_identification:_identify(src/custom_interfaces) by extensions ['colcon_pkg']
[0.339s] Level 1:colcon.colcon_core.package_identification:_identify(src/custom_interfaces) by extension 'colcon_pkg'
[0.339s] Level 1:colcon.colcon_core.package_identification:_identify(src/custom_interfaces) by extensions ['colcon_meta']
[0.339s] Level 1:colcon.colcon_core.package_identification:_identify(src/custom_interfaces) by extension 'colcon_meta'
[0.339s] Level 1:colcon.colcon_core.package_identification:_identify(src/custom_interfaces) by extensions ['ros']
[0.339s] Level 1:colcon.colcon_core.package_identification:_identify(src/custom_interfaces) by extension 'ros'
[0.342s] DEBUG:colcon.colcon_core.package_identification:Package 'src/custom_interfaces' with type 'ros.ament_cmake' and name 'custom_interfaces'
[0.342s] Level 1:colcon.colcon_core.package_discovery:discover_packages(recursive) using defaults
[0.342s] Level 1:colcon.colcon_core.package_discovery:discover_packages(ignore) discover
[0.342s] Level 1:colcon.colcon_core.package_discovery:discover_packages(ignore) using defaults
[0.342s] Level 1:colcon.colcon_core.package_discovery:discover_packages(path) discover
[0.342s] Level 1:colcon.colcon_core.package_discovery:discover_packages(path) using defaults
[0.374s] Level 5:colcon.colcon_core.verb:set package 'custom_interfaces' build argument 'cmake_args' from command line to '['-DCMAKE_BUILD_TYPE=Release', '-DCMAKE_SHARED_LINKER_FLAGS=-Wl,-no-as-needed', '-DBUILD_TESTING=OFF', '-DALIAS_ROS2_TF2=1', '-DCMAKE_CXX_FLAGS_RELEASE=-O0', '-G', 'Ninja', '-DCMAKE_C_COMPILER=/usr/bin/gcc', '-DCMAKE_CXX_COMPILER=/usr/bin/g++']'
[0.374s] Level 5:colcon.colcon_core.verb:set package 'custom_interfaces' build argument 'cmake_target' from command line to 'None'
[0.375s] Level 5:colcon.colcon_core.verb:set package 'custom_interfaces' build argument 'cmake_target_skip_unavailable' from command line to 'False'
[0.375s] Level 5:colcon.colcon_core.verb:set package 'custom_interfaces' build argument 'cmake_clean_cache' from command line to 'False'
[0.375s] Level 5:colcon.colcon_core.verb:set package 'custom_interfaces' build argument 'cmake_clean_first' from command line to 'False'
[0.375s] Level 5:colcon.colcon_core.verb:set package 'custom_interfaces' build argument 'cmake_force_configure' from command line to 'False'
[0.375s] Level 5:colcon.colcon_core.verb:set package 'custom_interfaces' build argument 'ament_cmake_args' from command line to 'None'
[0.375s] Level 5:colcon.colcon_core.verb:set package 'custom_interfaces' build argument 'catkin_cmake_args' from command line to 'None'
[0.375s] Level 5:colcon.colcon_core.verb:set package 'custom_interfaces' build argument 'catkin_skip_building_tests' from command line to 'False'
[0.375s] DEBUG:colcon.colcon_core.verb:Building package 'custom_interfaces' with the following arguments: {'ament_cmake_args': None, 'build_base': '/home/gustavo-fuentevilla/DefectsExp_UR/MATLAB_ws/custom/matlab_msg_gen/glnxa64/build/custom_interfaces', 'catkin_cmake_args': None, 'catkin_skip_building_tests': False, 'cmake_args': ['-DCMAKE_BUILD_TYPE=Release', '-DCMAKE_SHARED_LINKER_FLAGS=-Wl,-no-as-needed', '-DBUILD_TESTING=OFF', '-DALIAS_ROS2_TF2=1', '-DCMAKE_CXX_FLAGS_RELEASE=-O0', '-G', 'Ninja', '-DCMAKE_C_COMPILER=/usr/bin/gcc', '-DCMAKE_CXX_COMPILER=/usr/bin/g++'], 'cmake_clean_cache': False, 'cmake_clean_first': False, 'cmake_force_configure': False, 'cmake_target': None, 'cmake_target_skip_unavailable': False, 'install_base': '/home/gustavo-fuentevilla/DefectsExp_UR/MATLAB_ws/custom/matlab_msg_gen/glnxa64/install', 'merge_install': True, 'path': '/home/gustavo-fuentevilla/DefectsExp_UR/MATLAB_ws/custom/matlab_msg_gen/glnxa64/src/custom_interfaces', 'symlink_install': False, 'test_result_base': None}
[0.376s] INFO:colcon.colcon_core.executor:Executing jobs using 'parallel' executor
[0.384s] DEBUG:colcon.colcon_parallel_executor.executor.parallel:run_until_complete
[0.385s] INFO:colcon.colcon_ros.task.ament_cmake.build:Building ROS package in '/home/gustavo-fuentevilla/DefectsExp_UR/MATLAB_ws/custom/matlab_msg_gen/glnxa64/src/custom_interfaces' with build type 'ament_cmake'
[0.385s] INFO:colcon.colcon_cmake.task.cmake.build:Building CMake package in '/home/gustavo-fuentevilla/DefectsExp_UR/MATLAB_ws/custom/matlab_msg_gen/glnxa64/src/custom_interfaces'
[0.391s] INFO:colcon.colcon_core.plugin_system:Skipping extension 'colcon_core.shell.bat': Not used on non-Windows systems
[0.391s] INFO:colcon.colcon_core.shell:Skip shell extension 'powershell' for command environment: Not usable outside of PowerShell
[0.391s] DEBUG:colcon.colcon_core.shell:Skip shell extension 'dsv' for command environment
[0.409s] DEBUG:colcon.colcon_core.event_handler.log_command:Invoking command in '/home/gustavo-fuentevilla/DefectsExp_UR/MATLAB_ws/custom/matlab_msg_gen/glnxa64/build/custom_interfaces': DEBUGINFOD_URLS=https://debuginfod.ubuntu.com PS1=(venv) VIRTUAL_ENV_PROMPT=(venv) /usr/local/MATLAB/R2025a/bin/glnxa64/cmake/bin/cmake --build /home/gustavo-fuentevilla/DefectsExp_UR/MATLAB_ws/custom/matlab_msg_gen/glnxa64/build/custom_interfaces -- -j24 -l24
[1.238s] DEBUG:colcon.colcon_core.event_handler.log_command:Invoked command in '/home/gustavo-fuentevilla/DefectsExp_UR/MATLAB_ws/custom/matlab_msg_gen/glnxa64/build/custom_interfaces' returned '0': DEBUGINFOD_URLS=https://debuginfod.ubuntu.com PS1=(venv) VIRTUAL_ENV_PROMPT=(venv) /usr/local/MATLAB/R2025a/bin/glnxa64/cmake/bin/cmake --build /home/gustavo-fuentevilla/DefectsExp_UR/MATLAB_ws/custom/matlab_msg_gen/glnxa64/build/custom_interfaces -- -j24 -l24
[1.252s] DEBUG:colcon.colcon_core.event_handler.log_command:Invoking command in '/home/gustavo-fuentevilla/DefectsExp_UR/MATLAB_ws/custom/matlab_msg_gen/glnxa64/build/custom_interfaces': DEBUGINFOD_URLS=https://debuginfod.ubuntu.com PS1=(venv) VIRTUAL_ENV_PROMPT=(venv) /usr/local/MATLAB/R2025a/bin/glnxa64/cmake/bin/cmake --install /home/gustavo-fuentevilla/DefectsExp_UR/MATLAB_ws/custom/matlab_msg_gen/glnxa64/build/custom_interfaces
[1.259s] Level 1:colcon.colcon_core.environment:create_environment_scripts_only(custom_interfaces)
[1.261s] DEBUG:colcon.colcon_core.event_handler.log_command:Invoked command in '/home/gustavo-fuentevilla/DefectsExp_UR/MATLAB_ws/custom/matlab_msg_gen/glnxa64/build/custom_interfaces' returned '0': DEBUGINFOD_URLS=https://debuginfod.ubuntu.com PS1=(venv) VIRTUAL_ENV_PROMPT=(venv) /usr/local/MATLAB/R2025a/bin/glnxa64/cmake/bin/cmake --install /home/gustavo-fuentevilla/DefectsExp_UR/MATLAB_ws/custom/matlab_msg_gen/glnxa64/build/custom_interfaces
[1.266s] Level 1:colcon.colcon_core.environment:checking '/home/gustavo-fuentevilla/DefectsExp_UR/MATLAB_ws/custom/matlab_msg_gen/glnxa64/install' for CMake module files
[1.266s] Level 1:colcon.colcon_core.environment:checking '/home/gustavo-fuentevilla/DefectsExp_UR/MATLAB_ws/custom/matlab_msg_gen/glnxa64/install' for CMake config files
[1.267s] Level 1:colcon.colcon_core.shell:create_environment_hook('custom_interfaces', 'cmake_prefix_path')
[1.270s] INFO:colcon.colcon_core.shell:Creating environment hook '/home/gustavo-fuentevilla/DefectsExp_UR/MATLAB_ws/custom/matlab_msg_gen/glnxa64/install/share/custom_interfaces/hook/cmake_prefix_path.ps1'
[1.270s] INFO:colcon.colcon_core.shell:Creating environment descriptor '/home/gustavo-fuentevilla/DefectsExp_UR/MATLAB_ws/custom/matlab_msg_gen/glnxa64/install/share/custom_interfaces/hook/cmake_prefix_path.dsv'
[1.271s] INFO:colcon.colcon_core.shell:Creating environment hook '/home/gustavo-fuentevilla/DefectsExp_UR/MATLAB_ws/custom/matlab_msg_gen/glnxa64/install/share/custom_interfaces/hook/cmake_prefix_path.sh'
[1.271s] Level 1:colcon.colcon_core.environment:checking '/home/gustavo-fuentevilla/DefectsExp_UR/MATLAB_ws/custom/matlab_msg_gen/glnxa64/install/lib'
[1.271s] Level 1:colcon.colcon_core.shell:create_environment_hook('custom_interfaces', 'ld_library_path_lib')
[1.275s] INFO:colcon.colcon_core.shell:Creating environment hook '/home/gustavo-fuentevilla/DefectsExp_UR/MATLAB_ws/custom/matlab_msg_gen/glnxa64/install/share/custom_interfaces/hook/ld_library_path_lib.ps1'
[1.275s] INFO:colcon.colcon_core.shell:Creating environment descriptor '/home/gustavo-fuentevilla/DefectsExp_UR/MATLAB_ws/custom/matlab_msg_gen/glnxa64/install/share/custom_interfaces/hook/ld_library_path_lib.dsv'
[1.275s] INFO:colcon.colcon_core.shell:Creating environment hook '/home/gustavo-fuentevilla/DefectsExp_UR/MATLAB_ws/custom/matlab_msg_gen/glnxa64/install/share/custom_interfaces/hook/ld_library_path_lib.sh'
[1.275s] Level 1:colcon.colcon_core.environment:checking '/home/gustavo-fuentevilla/DefectsExp_UR/MATLAB_ws/custom/matlab_msg_gen/glnxa64/install/bin'
[1.275s] Level 1:colcon.colcon_core.environment:checking '/home/gustavo-fuentevilla/DefectsExp_UR/MATLAB_ws/custom/matlab_msg_gen/glnxa64/install/lib/pkgconfig/custom_interfaces.pc'
[1.276s] Level 1:colcon.colcon_core.environment:checking '/home/gustavo-fuentevilla/DefectsExp_UR/MATLAB_ws/custom/matlab_msg_gen/glnxa64/install/lib/python3.10/site-packages'
[1.276s] Level 1:colcon.colcon_core.environment:checking '/home/gustavo-fuentevilla/DefectsExp_UR/MATLAB_ws/custom/matlab_msg_gen/glnxa64/install/bin'
[1.279s] INFO:colcon.colcon_core.shell:Creating package script '/home/gustavo-fuentevilla/DefectsExp_UR/MATLAB_ws/custom/matlab_msg_gen/glnxa64/install/share/custom_interfaces/package.ps1'
[1.280s] INFO:colcon.colcon_core.shell:Creating package descriptor '/home/gustavo-fuentevilla/DefectsExp_UR/MATLAB_ws/custom/matlab_msg_gen/glnxa64/install/share/custom_interfaces/package.dsv'
[1.280s] INFO:colcon.colcon_core.shell:Creating package script '/home/gustavo-fuentevilla/DefectsExp_UR/MATLAB_ws/custom/matlab_msg_gen/glnxa64/install/share/custom_interfaces/package.sh'
[1.281s] INFO:colcon.colcon_core.shell:Creating package script '/home/gustavo-fuentevilla/DefectsExp_UR/MATLAB_ws/custom/matlab_msg_gen/glnxa64/install/share/custom_interfaces/package.bash'
[1.281s] INFO:colcon.colcon_core.shell:Creating package script '/home/gustavo-fuentevilla/DefectsExp_UR/MATLAB_ws/custom/matlab_msg_gen/glnxa64/install/share/custom_interfaces/package.zsh'
[1.281s] Level 1:colcon.colcon_core.environment:create_file_with_runtime_dependencies(/home/gustavo-fuentevilla/DefectsExp_UR/MATLAB_ws/custom/matlab_msg_gen/glnxa64/install/share/colcon-core/packages/custom_interfaces)
[1.297s] Level 1:colcon.colcon_core.environment:create_environment_scripts_only(custom_interfaces)
[1.301s] Level 1:colcon.colcon_core.environment:checking '/home/gustavo-fuentevilla/DefectsExp_UR/MATLAB_ws/custom/matlab_msg_gen/glnxa64/install' for CMake module files
[1.302s] Level 1:colcon.colcon_core.environment:checking '/home/gustavo-fuentevilla/DefectsExp_UR/MATLAB_ws/custom/matlab_msg_gen/glnxa64/install' for CMake config files
[1.302s] Level 1:colcon.colcon_core.shell:create_environment_hook('custom_interfaces', 'cmake_prefix_path')
[1.305s] INFO:colcon.colcon_core.shell:Creating environment hook '/home/gustavo-fuentevilla/DefectsExp_UR/MATLAB_ws/custom/matlab_msg_gen/glnxa64/install/share/custom_interfaces/hook/cmake_prefix_path.ps1'
[1.305s] INFO:colcon.colcon_core.shell:Creating environment descriptor '/home/gustavo-fuentevilla/DefectsExp_UR/MATLAB_ws/custom/matlab_msg_gen/glnxa64/install/share/custom_interfaces/hook/cmake_prefix_path.dsv'
[1.305s] INFO:colcon.colcon_core.shell:Creating environment hook '/home/gustavo-fuentevilla/DefectsExp_UR/MATLAB_ws/custom/matlab_msg_gen/glnxa64/install/share/custom_interfaces/hook/cmake_prefix_path.sh'
[1.306s] Level 1:colcon.colcon_core.environment:checking '/home/gustavo-fuentevilla/DefectsExp_UR/MATLAB_ws/custom/matlab_msg_gen/glnxa64/install/lib'
[1.306s] Level 1:colcon.colcon_core.shell:create_environment_hook('custom_interfaces', 'ld_library_path_lib')
[1.309s] INFO:colcon.colcon_core.shell:Creating environment hook '/home/gustavo-fuentevilla/DefectsExp_UR/MATLAB_ws/custom/matlab_msg_gen/glnxa64/install/share/custom_interfaces/hook/ld_library_path_lib.ps1'
[1.309s] INFO:colcon.colcon_core.shell:Creating environment descriptor '/home/gustavo-fuentevilla/DefectsExp_UR/MATLAB_ws/custom/matlab_msg_gen/glnxa64/install/share/custom_interfaces/hook/ld_library_path_lib.dsv'
[1.309s] INFO:colcon.colcon_core.shell:Creating environment hook '/home/gustavo-fuentevilla/DefectsExp_UR/MATLAB_ws/custom/matlab_msg_gen/glnxa64/install/share/custom_interfaces/hook/ld_library_path_lib.sh'
[1.309s] Level 1:colcon.colcon_core.environment:checking '/home/gustavo-fuentevilla/DefectsExp_UR/MATLAB_ws/custom/matlab_msg_gen/glnxa64/install/bin'
[1.309s] Level 1:colcon.colcon_core.environment:checking '/home/gustavo-fuentevilla/DefectsExp_UR/MATLAB_ws/custom/matlab_msg_gen/glnxa64/install/lib/pkgconfig/custom_interfaces.pc'
[1.309s] Level 1:colcon.colcon_core.environment:checking '/home/gustavo-fuentevilla/DefectsExp_UR/MATLAB_ws/custom/matlab_msg_gen/glnxa64/install/lib/python3.10/site-packages'
[1.310s] Level 1:colcon.colcon_core.environment:checking '/home/gustavo-fuentevilla/DefectsExp_UR/MATLAB_ws/custom/matlab_msg_gen/glnxa64/install/bin'
[1.313s] INFO:colcon.colcon_core.shell:Creating package script '/home/gustavo-fuentevilla/DefectsExp_UR/MATLAB_ws/custom/matlab_msg_gen/glnxa64/install/share/custom_interfaces/package.ps1'
[1.313s] INFO:colcon.colcon_core.shell:Creating package descriptor '/home/gustavo-fuentevilla/DefectsExp_UR/MATLAB_ws/custom/matlab_msg_gen/glnxa64/install/share/custom_interfaces/package.dsv'
[1.313s] INFO:colcon.colcon_core.shell:Creating package script '/home/gustavo-fuentevilla/DefectsExp_UR/MATLAB_ws/custom/matlab_msg_gen/glnxa64/install/share/custom_interfaces/package.sh'
[1.314s] INFO:colcon.colcon_core.shell:Creating package script '/home/gustavo-fuentevilla/DefectsExp_UR/MATLAB_ws/custom/matlab_msg_gen/glnxa64/install/share/custom_interfaces/package.bash'
[1.314s] INFO:colcon.colcon_core.shell:Creating package script '/home/gustavo-fuentevilla/DefectsExp_UR/MATLAB_ws/custom/matlab_msg_gen/glnxa64/install/share/custom_interfaces/package.zsh'
[1.314s] Level 1:colcon.colcon_core.environment:create_file_with_runtime_dependencies(/home/gustavo-fuentevilla/DefectsExp_UR/MATLAB_ws/custom/matlab_msg_gen/glnxa64/install/share/colcon-core/packages/custom_interfaces)
[1.314s] DEBUG:colcon.colcon_parallel_executor.executor.parallel:closing loop
[1.314s] DEBUG:colcon.colcon_parallel_executor.executor.parallel:loop closed
[1.314s] DEBUG:colcon.colcon_parallel_executor.executor.parallel:run_until_complete finished with '0'
[1.314s] DEBUG:colcon.colcon_core.event_reactor:joining thread
[1.320s] INFO:colcon.colcon_core.plugin_system:Skipping extension 'colcon_notification.desktop_notification.notify2': 'notify2' not found
[1.320s] INFO:colcon.colcon_core.plugin_system:Skipping extension 'colcon_notification.desktop_notification.terminal_notifier': Not used on non-Darwin systems
[1.320s] INFO:colcon.colcon_core.plugin_system:Skipping extension 'colcon_notification.desktop_notification.win32': Not used on non-Windows systems
[1.321s] INFO:colcon.colcon_notification.desktop_notification:Sending desktop notification using 'notify_send'
[1.336s] DEBUG:colcon.colcon_core.event_reactor:joined thread
[1.340s] INFO:colcon.colcon_core.shell:Creating prefix script '/home/gustavo-fuentevilla/DefectsExp_UR/MATLAB_ws/custom/matlab_msg_gen/glnxa64/install/local_setup.ps1'
[1.341s] INFO:colcon.colcon_core.shell:Creating prefix util module '/home/gustavo-fuentevilla/DefectsExp_UR/MATLAB_ws/custom/matlab_msg_gen/glnxa64/install/_local_setup_util_ps1.py'
[1.341s] INFO:colcon.colcon_core.shell:Creating prefix chain script '/home/gustavo-fuentevilla/DefectsExp_UR/MATLAB_ws/custom/matlab_msg_gen/glnxa64/install/setup.ps1'
[1.344s] INFO:colcon.colcon_core.shell:Creating prefix script '/home/gustavo-fuentevilla/DefectsExp_UR/MATLAB_ws/custom/matlab_msg_gen/glnxa64/install/local_setup.sh'
[1.345s] INFO:colcon.colcon_core.shell:Creating prefix util module '/home/gustavo-fuentevilla/DefectsExp_UR/MATLAB_ws/custom/matlab_msg_gen/glnxa64/install/_local_setup_util_sh.py'
[1.345s] INFO:colcon.colcon_core.shell:Creating prefix chain script '/home/gustavo-fuentevilla/DefectsExp_UR/MATLAB_ws/custom/matlab_msg_gen/glnxa64/install/setup.sh'
[1.348s] INFO:colcon.colcon_core.shell:Creating prefix script '/home/gustavo-fuentevilla/DefectsExp_UR/MATLAB_ws/custom/matlab_msg_gen/glnxa64/install/local_setup.bash'
[1.348s] INFO:colcon.colcon_core.shell:Creating prefix chain script '/home/gustavo-fuentevilla/DefectsExp_UR/MATLAB_ws/custom/matlab_msg_gen/glnxa64/install/setup.bash'
[1.351s] INFO:colcon.colcon_core.shell:Creating prefix script '/home/gustavo-fuentevilla/DefectsExp_UR/MATLAB_ws/custom/matlab_msg_gen/glnxa64/install/local_setup.zsh'
[1.352s] INFO:colcon.colcon_core.shell:Creating prefix chain script '/home/gustavo-fuentevilla/DefectsExp_UR/MATLAB_ws/custom/matlab_msg_gen/glnxa64/install/setup.zsh'
