-- The C compiler identification is GNU 12.3.0
-- The CXX compiler identification is GNU 12.3.0
-- Detecting C compiler ABI info
-- Detecting C compiler ABI info - done
-- Check for working C compiler: /usr/bin/gcc - skipped
-- Detecting C compile features
-- Detecting C compile features - done
-- Detecting CXX compiler ABI info
-- Detecting CXX compiler ABI info - done
-- Check for working CXX compiler: /usr/bin/g++ - skipped
-- Detecting CXX compile features
-- Detecting CXX compile features - done
-- Building for ROS 2 Jazzy
-- Found ament_cmake: 2.5.2 (/usr/local/MATLAB/R2025a/sys/ros2/glnxa64/ros2/share/ament_cmake/cmake)
-- Found Python3: /home/gustavo-fuentevilla/.matlab/R2025a/ros2/glnxa64/venv/bin/python3 (found version "3.10.18") found components: Interpreter 
-- Found ament_cmake_ros: 0.12.0 (/usr/local/MATLAB/R2025a/sys/ros2/glnxa64/ros2/share/ament_cmake_ros/cmake)
-- Found rosidl_typesupport_c: 3.2.2 (/usr/local/MATLAB/R2025a/sys/ros2/glnxa64/ros2/share/rosidl_typesupport_c/cmake)
-- Using all available rosidl_typesupport_c: rosidl_typesupport_fastrtps_c;rosidl_typesupport_introspection_c
-- Found rosidl_typesupport_cpp: 3.2.2 (/usr/local/MATLAB/R2025a/sys/ros2/glnxa64/ros2/share/rosidl_typesupport_cpp/cmake)
-- Using all available rosidl_typesupport_cpp: rosidl_typesupport_fastrtps_cpp;rosidl_typesupport_introspection_cpp
-- Found rosidl_default_generators: 1.6.0 (/usr/local/MATLAB/R2025a/sys/ros2/glnxa64/ros2/share/rosidl_default_generators/cmake)
-- Found rosidl_adapter: 4.8.1 (/usr/local/MATLAB/R2025a/sys/ros2/glnxa64/ros2/share/rosidl_adapter/cmake)
-- Found builtin_interfaces: 2.0.2 (/usr/local/MATLAB/R2025a/sys/ros2/glnxa64/ros2/share/builtin_interfaces/cmake)
-- Found class_loader: 2.7.0 (/usr/local/MATLAB/R2025a/sys/ros2/glnxa64/ros2/share/class_loader/cmake)
-- Found geometry_msgs: 5.3.5 (/usr/local/MATLAB/R2025a/sys/ros2/glnxa64/ros2/share/geometry_msgs/cmake)
-- Found rclcpp: 28.1.3 (/usr/local/MATLAB/R2025a/sys/ros2/glnxa64/ros2/share/rclcpp/cmake)
-- Found rmw_implementation_cmake: 7.3.1 (/usr/local/MATLAB/R2025a/sys/ros2/glnxa64/ros2/share/rmw_implementation_cmake/cmake)
-- Found rmw_fastrtps_cpp: 9.0.0 (/usr/local/MATLAB/R2025a/sys/ros2/glnxa64/ros2/share/rmw_fastrtps_cpp/cmake)
-- Found FastRTPS: /usr/local/MATLAB/R2025a/sys/ros2/glnxa64/ros2/include (Required is at least version "2.13") 
-- Using RMW implementation 'rmw_fastrtps_cpp' as default
-- Using all available rosidl_typesupport_c: rosidl_typesupport_fastrtps_c;rosidl_typesupport_introspection_c
-- Using all available rosidl_typesupport_cpp: rosidl_typesupport_fastrtps_cpp;rosidl_typesupport_introspection_cpp
-- Configuring done
-- Generating done
-- Build files have been written to: /home/gustavo-fuentevilla/MATLAB/Tactile_Defects_Localization/UR/custom/matlab_msg_gen/glnxa64/build/custom_interfaces
[1/27] Generating type hashes for ROS interfaces
[2/27] Generating C++ code for ROS interfaces
[3/27] Generating C code for ROS interfaces
[4/27] Building C object CMakeFiles/custom_interfaces__rosidl_generator_c.dir/rosidl_generator_c/custom_interfaces/msg/detail/sync_data__type_support.c.o
[5/27] Building C object CMakeFiles/custom_interfaces__rosidl_generator_c.dir/rosidl_generator_c/custom_interfaces/msg/detail/sync_data__description.c.o
[6/27] Building C object CMakeFiles/custom_interfaces__rosidl_generator_c.dir/rosidl_generator_c/custom_interfaces/msg/detail/sync_data__functions.c.o
[7/27] Linking C shared library libcustom_interfaces__rosidl_generator_c.so
[8/27] Generating C type support dispatch for ROS interfaces
[9/27] Generating C introspection for ROS interfaces
[10/27] Generating C++ type support dispatch for ROS interfaces
[11/27] Generating C++ introspection for ROS interfaces
[12/27] Generating C type support for eProsima Fast-RTPS
[13/27] Building CXX object CMakeFiles/custom_interfaces__rosidl_typesupport_c.dir/rosidl_typesupport_c/custom_interfaces/msg/sync_data__type_support.cpp.o
[14/27] Building C object CMakeFiles/custom_interfaces__rosidl_typesupport_introspection_c.dir/rosidl_typesupport_introspection_c/custom_interfaces/msg/detail/sync_data__type_support.c.o
[15/27] Generating C++ type support for eProsima Fast-RTPS
[16/27] Linking C shared library libcustom_interfaces__rosidl_typesupport_introspection_c.so
[17/27] Linking CXX shared library libcustom_interfaces__rosidl_typesupport_c.so
[18/27] Building CXX object CMakeFiles/custom_interfaces__rosidl_typesupport_cpp.dir/rosidl_typesupport_cpp/custom_interfaces/msg/sync_data__type_support.cpp.o
[19/27] Linking CXX shared library libcustom_interfaces__rosidl_typesupport_cpp.so
[20/27] Building CXX object CMakeFiles/custom_interfaces__rosidl_typesupport_introspection_cpp.dir/rosidl_typesupport_introspection_cpp/custom_interfaces/msg/detail/sync_data__type_support.cpp.o
[21/27] Linking CXX shared library libcustom_interfaces__rosidl_typesupport_introspection_cpp.so
[22/27] Building CXX object CMakeFiles/custom_interfaces__rosidl_typesupport_fastrtps_c.dir/rosidl_typesupport_fastrtps_c/custom_interfaces/msg/detail/sync_data__type_support_c.cpp.o
[23/27] Building CXX object CMakeFiles/custom_interfaces__rosidl_typesupport_fastrtps_cpp.dir/rosidl_typesupport_fastrtps_cpp/custom_interfaces/msg/detail/dds_fastrtps/sync_data__type_support.cpp.o
[24/27] Linking CXX shared library libcustom_interfaces__rosidl_typesupport_fastrtps_c.so
[25/27] Linking CXX shared library libcustom_interfaces__rosidl_typesupport_fastrtps_cpp.so
[26/27] Building CXX object CMakeFiles/custom_interfaces_matlab.dir/src/custom_interfaces_SyncData_message.cpp.o
[27/27] Linking CXX shared library libcustom_interfaces_matlab.so
-- Install configuration: "Release"
-- Installing: /home/gustavo-fuentevilla/MATLAB/Tactile_Defects_Localization/UR/custom/matlab_msg_gen/glnxa64/install/share/ament_index/resource_index/rosidl_interfaces/custom_interfaces
-- Installing: /home/gustavo-fuentevilla/MATLAB/Tactile_Defects_Localization/UR/custom/matlab_msg_gen/glnxa64/install/share/custom_interfaces/msg/SyncData.json
-- Installing: /home/gustavo-fuentevilla/MATLAB/Tactile_Defects_Localization/UR/custom/matlab_msg_gen/glnxa64/install/include/custom_interfaces/custom_interfaces
-- Installing: /home/gustavo-fuentevilla/MATLAB/Tactile_Defects_Localization/UR/custom/matlab_msg_gen/glnxa64/install/include/custom_interfaces/custom_interfaces/msg
-- Installing: /home/gustavo-fuentevilla/MATLAB/Tactile_Defects_Localization/UR/custom/matlab_msg_gen/glnxa64/install/include/custom_interfaces/custom_interfaces/msg/sync_data.h
-- Installing: /home/gustavo-fuentevilla/MATLAB/Tactile_Defects_Localization/UR/custom/matlab_msg_gen/glnxa64/install/include/custom_interfaces/custom_interfaces/msg/rosidl_generator_c__visibility_control.h
-- Installing: /home/gustavo-fuentevilla/MATLAB/Tactile_Defects_Localization/UR/custom/matlab_msg_gen/glnxa64/install/include/custom_interfaces/custom_interfaces/msg/detail
-- Installing: /home/gustavo-fuentevilla/MATLAB/Tactile_Defects_Localization/UR/custom/matlab_msg_gen/glnxa64/install/include/custom_interfaces/custom_interfaces/msg/detail/sync_data__functions.h
-- Installing: /home/gustavo-fuentevilla/MATLAB/Tactile_Defects_Localization/UR/custom/matlab_msg_gen/glnxa64/install/include/custom_interfaces/custom_interfaces/msg/detail/sync_data__type_support.c
-- Installing: /home/gustavo-fuentevilla/MATLAB/Tactile_Defects_Localization/UR/custom/matlab_msg_gen/glnxa64/install/include/custom_interfaces/custom_interfaces/msg/detail/sync_data__functions.c
-- Installing: /home/gustavo-fuentevilla/MATLAB/Tactile_Defects_Localization/UR/custom/matlab_msg_gen/glnxa64/install/include/custom_interfaces/custom_interfaces/msg/detail/sync_data__type_support.h
-- Installing: /home/gustavo-fuentevilla/MATLAB/Tactile_Defects_Localization/UR/custom/matlab_msg_gen/glnxa64/install/include/custom_interfaces/custom_interfaces/msg/detail/sync_data__struct.h
-- Installing: /home/gustavo-fuentevilla/MATLAB/Tactile_Defects_Localization/UR/custom/matlab_msg_gen/glnxa64/install/include/custom_interfaces/custom_interfaces/msg/detail/sync_data__description.c
-- Installing: /home/gustavo-fuentevilla/MATLAB/Tactile_Defects_Localization/UR/custom/matlab_msg_gen/glnxa64/install/share/custom_interfaces/environment/library_path.sh
-- Installing: /home/gustavo-fuentevilla/MATLAB/Tactile_Defects_Localization/UR/custom/matlab_msg_gen/glnxa64/install/share/custom_interfaces/environment/library_path.dsv
-- Installing: /home/gustavo-fuentevilla/MATLAB/Tactile_Defects_Localization/UR/custom/matlab_msg_gen/glnxa64/install/lib/libcustom_interfaces__rosidl_generator_c.so
-- Up-to-date: /home/gustavo-fuentevilla/MATLAB/Tactile_Defects_Localization/UR/custom/matlab_msg_gen/glnxa64/install/include/custom_interfaces/custom_interfaces
-- Up-to-date: /home/gustavo-fuentevilla/MATLAB/Tactile_Defects_Localization/UR/custom/matlab_msg_gen/glnxa64/install/include/custom_interfaces/custom_interfaces/msg
-- Installing: /home/gustavo-fuentevilla/MATLAB/Tactile_Defects_Localization/UR/custom/matlab_msg_gen/glnxa64/install/include/custom_interfaces/custom_interfaces/msg/rosidl_typesupport_fastrtps_c__visibility_control.h
-- Up-to-date: /home/gustavo-fuentevilla/MATLAB/Tactile_Defects_Localization/UR/custom/matlab_msg_gen/glnxa64/install/include/custom_interfaces/custom_interfaces/msg/detail
-- Installing: /home/gustavo-fuentevilla/MATLAB/Tactile_Defects_Localization/UR/custom/matlab_msg_gen/glnxa64/install/include/custom_interfaces/custom_interfaces/msg/detail/sync_data__rosidl_typesupport_fastrtps_c.h
-- Installing: /home/gustavo-fuentevilla/MATLAB/Tactile_Defects_Localization/UR/custom/matlab_msg_gen/glnxa64/install/lib/libcustom_interfaces__rosidl_typesupport_fastrtps_c.so
-- Up-to-date: /home/gustavo-fuentevilla/MATLAB/Tactile_Defects_Localization/UR/custom/matlab_msg_gen/glnxa64/install/include/custom_interfaces/custom_interfaces
-- Up-to-date: /home/gustavo-fuentevilla/MATLAB/Tactile_Defects_Localization/UR/custom/matlab_msg_gen/glnxa64/install/include/custom_interfaces/custom_interfaces/msg
-- Installing: /home/gustavo-fuentevilla/MATLAB/Tactile_Defects_Localization/UR/custom/matlab_msg_gen/glnxa64/install/include/custom_interfaces/custom_interfaces/msg/rosidl_typesupport_introspection_c__visibility_control.h
-- Up-to-date: /home/gustavo-fuentevilla/MATLAB/Tactile_Defects_Localization/UR/custom/matlab_msg_gen/glnxa64/install/include/custom_interfaces/custom_interfaces/msg/detail
-- Up-to-date: /home/gustavo-fuentevilla/MATLAB/Tactile_Defects_Localization/UR/custom/matlab_msg_gen/glnxa64/install/include/custom_interfaces/custom_interfaces/msg/detail/sync_data__type_support.c
-- Installing: /home/gustavo-fuentevilla/MATLAB/Tactile_Defects_Localization/UR/custom/matlab_msg_gen/glnxa64/install/include/custom_interfaces/custom_interfaces/msg/detail/sync_data__rosidl_typesupport_introspection_c.h
-- Installing: /home/gustavo-fuentevilla/MATLAB/Tactile_Defects_Localization/UR/custom/matlab_msg_gen/glnxa64/install/lib/libcustom_interfaces__rosidl_typesupport_introspection_c.so
-- Installing: /home/gustavo-fuentevilla/MATLAB/Tactile_Defects_Localization/UR/custom/matlab_msg_gen/glnxa64/install/lib/libcustom_interfaces__rosidl_typesupport_c.so
-- Up-to-date: /home/gustavo-fuentevilla/MATLAB/Tactile_Defects_Localization/UR/custom/matlab_msg_gen/glnxa64/install/include/custom_interfaces/custom_interfaces
-- Up-to-date: /home/gustavo-fuentevilla/MATLAB/Tactile_Defects_Localization/UR/custom/matlab_msg_gen/glnxa64/install/include/custom_interfaces/custom_interfaces/msg
-- Installing: /home/gustavo-fuentevilla/MATLAB/Tactile_Defects_Localization/UR/custom/matlab_msg_gen/glnxa64/install/include/custom_interfaces/custom_interfaces/msg/sync_data.hpp
-- Installing: /home/gustavo-fuentevilla/MATLAB/Tactile_Defects_Localization/UR/custom/matlab_msg_gen/glnxa64/install/include/custom_interfaces/custom_interfaces/msg/rosidl_generator_cpp__visibility_control.hpp
-- Up-to-date: /home/gustavo-fuentevilla/MATLAB/Tactile_Defects_Localization/UR/custom/matlab_msg_gen/glnxa64/install/include/custom_interfaces/custom_interfaces/msg/detail
-- Installing: /home/gustavo-fuentevilla/MATLAB/Tactile_Defects_Localization/UR/custom/matlab_msg_gen/glnxa64/install/include/custom_interfaces/custom_interfaces/msg/detail/sync_data__struct.hpp
-- Installing: /home/gustavo-fuentevilla/MATLAB/Tactile_Defects_Localization/UR/custom/matlab_msg_gen/glnxa64/install/include/custom_interfaces/custom_interfaces/msg/detail/sync_data__builder.hpp
-- Installing: /home/gustavo-fuentevilla/MATLAB/Tactile_Defects_Localization/UR/custom/matlab_msg_gen/glnxa64/install/include/custom_interfaces/custom_interfaces/msg/detail/sync_data__type_support.hpp
-- Installing: /home/gustavo-fuentevilla/MATLAB/Tactile_Defects_Localization/UR/custom/matlab_msg_gen/glnxa64/install/include/custom_interfaces/custom_interfaces/msg/detail/sync_data__traits.hpp
-- Up-to-date: /home/gustavo-fuentevilla/MATLAB/Tactile_Defects_Localization/UR/custom/matlab_msg_gen/glnxa64/install/include/custom_interfaces/custom_interfaces
-- Up-to-date: /home/gustavo-fuentevilla/MATLAB/Tactile_Defects_Localization/UR/custom/matlab_msg_gen/glnxa64/install/include/custom_interfaces/custom_interfaces/msg
-- Up-to-date: /home/gustavo-fuentevilla/MATLAB/Tactile_Defects_Localization/UR/custom/matlab_msg_gen/glnxa64/install/include/custom_interfaces/custom_interfaces/msg/detail
-- Installing: /home/gustavo-fuentevilla/MATLAB/Tactile_Defects_Localization/UR/custom/matlab_msg_gen/glnxa64/install/include/custom_interfaces/custom_interfaces/msg/detail/dds_fastrtps
-- Installing: /home/gustavo-fuentevilla/MATLAB/Tactile_Defects_Localization/UR/custom/matlab_msg_gen/glnxa64/install/include/custom_interfaces/custom_interfaces/msg/detail/sync_data__rosidl_typesupport_fastrtps_cpp.hpp
-- Installing: /home/gustavo-fuentevilla/MATLAB/Tactile_Defects_Localization/UR/custom/matlab_msg_gen/glnxa64/install/include/custom_interfaces/custom_interfaces/msg/rosidl_typesupport_fastrtps_cpp__visibility_control.h
-- Installing: /home/gustavo-fuentevilla/MATLAB/Tactile_Defects_Localization/UR/custom/matlab_msg_gen/glnxa64/install/lib/libcustom_interfaces__rosidl_typesupport_fastrtps_cpp.so
-- Up-to-date: /home/gustavo-fuentevilla/MATLAB/Tactile_Defects_Localization/UR/custom/matlab_msg_gen/glnxa64/install/include/custom_interfaces/custom_interfaces
-- Up-to-date: /home/gustavo-fuentevilla/MATLAB/Tactile_Defects_Localization/UR/custom/matlab_msg_gen/glnxa64/install/include/custom_interfaces/custom_interfaces/msg
-- Up-to-date: /home/gustavo-fuentevilla/MATLAB/Tactile_Defects_Localization/UR/custom/matlab_msg_gen/glnxa64/install/include/custom_interfaces/custom_interfaces/msg/detail
-- Installing: /home/gustavo-fuentevilla/MATLAB/Tactile_Defects_Localization/UR/custom/matlab_msg_gen/glnxa64/install/include/custom_interfaces/custom_interfaces/msg/detail/sync_data__type_support.cpp
-- Installing: /home/gustavo-fuentevilla/MATLAB/Tactile_Defects_Localization/UR/custom/matlab_msg_gen/glnxa64/install/include/custom_interfaces/custom_interfaces/msg/detail/sync_data__rosidl_typesupport_introspection_cpp.hpp
-- Installing: /home/gustavo-fuentevilla/MATLAB/Tactile_Defects_Localization/UR/custom/matlab_msg_gen/glnxa64/install/lib/libcustom_interfaces__rosidl_typesupport_introspection_cpp.so
-- Installing: /home/gustavo-fuentevilla/MATLAB/Tactile_Defects_Localization/UR/custom/matlab_msg_gen/glnxa64/install/lib/libcustom_interfaces__rosidl_typesupport_cpp.so
-- Installing: /home/gustavo-fuentevilla/MATLAB/Tactile_Defects_Localization/UR/custom/matlab_msg_gen/glnxa64/install/share/custom_interfaces/msg/SyncData.idl
-- Installing: /home/gustavo-fuentevilla/MATLAB/Tactile_Defects_Localization/UR/custom/matlab_msg_gen/glnxa64/install/share/custom_interfaces/msg/SyncData.msg
-- Up-to-date: /home/gustavo-fuentevilla/MATLAB/Tactile_Defects_Localization/UR/custom/matlab_msg_gen/glnxa64/install/include
-- Up-to-date: /home/gustavo-fuentevilla/MATLAB/Tactile_Defects_Localization/UR/custom/matlab_msg_gen/glnxa64/install/include/custom_interfaces
-- Installing: /home/gustavo-fuentevilla/MATLAB/Tactile_Defects_Localization/UR/custom/matlab_msg_gen/glnxa64/install/include/custom_interfaces/visibility_control.h
-- Installing: /home/gustavo-fuentevilla/MATLAB/Tactile_Defects_Localization/UR/custom/matlab_msg_gen/glnxa64/install/lib/libcustom_interfaces_matlab.so
-- Installing: /home/gustavo-fuentevilla/MATLAB/Tactile_Defects_Localization/UR/custom/matlab_msg_gen/glnxa64/install/m/
-- Installing: /home/gustavo-fuentevilla/MATLAB/Tactile_Defects_Localization/UR/custom/matlab_msg_gen/glnxa64/install/m//+ros
-- Installing: /home/gustavo-fuentevilla/MATLAB/Tactile_Defects_Localization/UR/custom/matlab_msg_gen/glnxa64/install/m//+ros/+internal
-- Installing: /home/gustavo-fuentevilla/MATLAB/Tactile_Defects_Localization/UR/custom/matlab_msg_gen/glnxa64/install/m//+ros/+internal/+ros2
-- Installing: /home/gustavo-fuentevilla/MATLAB/Tactile_Defects_Localization/UR/custom/matlab_msg_gen/glnxa64/install/m//+ros/+internal/+ros2/+custommessages
-- Installing: /home/gustavo-fuentevilla/MATLAB/Tactile_Defects_Localization/UR/custom/matlab_msg_gen/glnxa64/install/m//+ros/+internal/+ros2/+custommessages/+custom_interfaces
-- Installing: /home/gustavo-fuentevilla/MATLAB/Tactile_Defects_Localization/UR/custom/matlab_msg_gen/glnxa64/install/m//+ros/+internal/+ros2/+custommessages/+custom_interfaces/syncData.m
-- Installing: /home/gustavo-fuentevilla/MATLAB/Tactile_Defects_Localization/UR/custom/matlab_msg_gen/glnxa64/install/share/ament_index/resource_index/package_run_dependencies/custom_interfaces
-- Installing: /home/gustavo-fuentevilla/MATLAB/Tactile_Defects_Localization/UR/custom/matlab_msg_gen/glnxa64/install/share/ament_index/resource_index/parent_prefix_path/custom_interfaces
-- Installing: /home/gustavo-fuentevilla/MATLAB/Tactile_Defects_Localization/UR/custom/matlab_msg_gen/glnxa64/install/share/custom_interfaces/environment/ament_prefix_path.sh
-- Installing: /home/gustavo-fuentevilla/MATLAB/Tactile_Defects_Localization/UR/custom/matlab_msg_gen/glnxa64/install/share/custom_interfaces/environment/ament_prefix_path.dsv
-- Installing: /home/gustavo-fuentevilla/MATLAB/Tactile_Defects_Localization/UR/custom/matlab_msg_gen/glnxa64/install/share/custom_interfaces/environment/path.sh
-- Installing: /home/gustavo-fuentevilla/MATLAB/Tactile_Defects_Localization/UR/custom/matlab_msg_gen/glnxa64/install/share/custom_interfaces/environment/path.dsv
-- Installing: /home/gustavo-fuentevilla/MATLAB/Tactile_Defects_Localization/UR/custom/matlab_msg_gen/glnxa64/install/share/custom_interfaces/local_setup.bash
-- Installing: /home/gustavo-fuentevilla/MATLAB/Tactile_Defects_Localization/UR/custom/matlab_msg_gen/glnxa64/install/share/custom_interfaces/local_setup.sh
-- Installing: /home/gustavo-fuentevilla/MATLAB/Tactile_Defects_Localization/UR/custom/matlab_msg_gen/glnxa64/install/share/custom_interfaces/local_setup.zsh
-- Installing: /home/gustavo-fuentevilla/MATLAB/Tactile_Defects_Localization/UR/custom/matlab_msg_gen/glnxa64/install/share/custom_interfaces/local_setup.dsv
-- Installing: /home/gustavo-fuentevilla/MATLAB/Tactile_Defects_Localization/UR/custom/matlab_msg_gen/glnxa64/install/share/custom_interfaces/package.dsv
-- Installing: /home/gustavo-fuentevilla/MATLAB/Tactile_Defects_Localization/UR/custom/matlab_msg_gen/glnxa64/install/share/ament_index/resource_index/packages/custom_interfaces
-- Installing: /home/gustavo-fuentevilla/MATLAB/Tactile_Defects_Localization/UR/custom/matlab_msg_gen/glnxa64/install/share/custom_interfaces/cmake/export_custom_interfaces__rosidl_generator_cExport.cmake
-- Installing: /home/gustavo-fuentevilla/MATLAB/Tactile_Defects_Localization/UR/custom/matlab_msg_gen/glnxa64/install/share/custom_interfaces/cmake/export_custom_interfaces__rosidl_generator_cExport-release.cmake
-- Installing: /home/gustavo-fuentevilla/MATLAB/Tactile_Defects_Localization/UR/custom/matlab_msg_gen/glnxa64/install/share/custom_interfaces/cmake/export_custom_interfaces__rosidl_typesupport_fastrtps_cExport.cmake
-- Installing: /home/gustavo-fuentevilla/MATLAB/Tactile_Defects_Localization/UR/custom/matlab_msg_gen/glnxa64/install/share/custom_interfaces/cmake/export_custom_interfaces__rosidl_typesupport_fastrtps_cExport-release.cmake
-- Installing: /home/gustavo-fuentevilla/MATLAB/Tactile_Defects_Localization/UR/custom/matlab_msg_gen/glnxa64/install/share/custom_interfaces/cmake/custom_interfaces__rosidl_typesupport_introspection_cExport.cmake
-- Installing: /home/gustavo-fuentevilla/MATLAB/Tactile_Defects_Localization/UR/custom/matlab_msg_gen/glnxa64/install/share/custom_interfaces/cmake/custom_interfaces__rosidl_typesupport_introspection_cExport-release.cmake
-- Installing: /home/gustavo-fuentevilla/MATLAB/Tactile_Defects_Localization/UR/custom/matlab_msg_gen/glnxa64/install/share/custom_interfaces/cmake/custom_interfaces__rosidl_typesupport_cExport.cmake
-- Installing: /home/gustavo-fuentevilla/MATLAB/Tactile_Defects_Localization/UR/custom/matlab_msg_gen/glnxa64/install/share/custom_interfaces/cmake/custom_interfaces__rosidl_typesupport_cExport-release.cmake
-- Installing: /home/gustavo-fuentevilla/MATLAB/Tactile_Defects_Localization/UR/custom/matlab_msg_gen/glnxa64/install/share/custom_interfaces/cmake/export_custom_interfaces__rosidl_generator_cppExport.cmake
-- Installing: /home/gustavo-fuentevilla/MATLAB/Tactile_Defects_Localization/UR/custom/matlab_msg_gen/glnxa64/install/share/custom_interfaces/cmake/export_custom_interfaces__rosidl_typesupport_fastrtps_cppExport.cmake
-- Installing: /home/gustavo-fuentevilla/MATLAB/Tactile_Defects_Localization/UR/custom/matlab_msg_gen/glnxa64/install/share/custom_interfaces/cmake/export_custom_interfaces__rosidl_typesupport_fastrtps_cppExport-release.cmake
-- Installing: /home/gustavo-fuentevilla/MATLAB/Tactile_Defects_Localization/UR/custom/matlab_msg_gen/glnxa64/install/share/custom_interfaces/cmake/custom_interfaces__rosidl_typesupport_introspection_cppExport.cmake
-- Installing: /home/gustavo-fuentevilla/MATLAB/Tactile_Defects_Localization/UR/custom/matlab_msg_gen/glnxa64/install/share/custom_interfaces/cmake/custom_interfaces__rosidl_typesupport_introspection_cppExport-release.cmake
-- Installing: /home/gustavo-fuentevilla/MATLAB/Tactile_Defects_Localization/UR/custom/matlab_msg_gen/glnxa64/install/share/custom_interfaces/cmake/custom_interfaces__rosidl_typesupport_cppExport.cmake
-- Installing: /home/gustavo-fuentevilla/MATLAB/Tactile_Defects_Localization/UR/custom/matlab_msg_gen/glnxa64/install/share/custom_interfaces/cmake/custom_interfaces__rosidl_typesupport_cppExport-release.cmake
-- Installing: /home/gustavo-fuentevilla/MATLAB/Tactile_Defects_Localization/UR/custom/matlab_msg_gen/glnxa64/install/share/custom_interfaces/cmake/rosidl_cmake-extras.cmake
-- Installing: /home/gustavo-fuentevilla/MATLAB/Tactile_Defects_Localization/UR/custom/matlab_msg_gen/glnxa64/install/share/custom_interfaces/cmake/ament_cmake_export_dependencies-extras.cmake
-- Installing: /home/gustavo-fuentevilla/MATLAB/Tactile_Defects_Localization/UR/custom/matlab_msg_gen/glnxa64/install/share/custom_interfaces/cmake/ament_cmake_export_include_directories-extras.cmake
-- Installing: /home/gustavo-fuentevilla/MATLAB/Tactile_Defects_Localization/UR/custom/matlab_msg_gen/glnxa64/install/share/custom_interfaces/cmake/ament_cmake_export_libraries-extras.cmake
-- Installing: /home/gustavo-fuentevilla/MATLAB/Tactile_Defects_Localization/UR/custom/matlab_msg_gen/glnxa64/install/share/custom_interfaces/cmake/ament_cmake_export_targets-extras.cmake
-- Installing: /home/gustavo-fuentevilla/MATLAB/Tactile_Defects_Localization/UR/custom/matlab_msg_gen/glnxa64/install/share/custom_interfaces/cmake/rosidl_cmake_export_typesupport_targets-extras.cmake
-- Installing: /home/gustavo-fuentevilla/MATLAB/Tactile_Defects_Localization/UR/custom/matlab_msg_gen/glnxa64/install/share/custom_interfaces/cmake/rosidl_cmake_export_typesupport_libraries-extras.cmake
-- Installing: /home/gustavo-fuentevilla/MATLAB/Tactile_Defects_Localization/UR/custom/matlab_msg_gen/glnxa64/install/share/custom_interfaces/cmake/custom_interfacesConfig.cmake
-- Installing: /home/gustavo-fuentevilla/MATLAB/Tactile_Defects_Localization/UR/custom/matlab_msg_gen/glnxa64/install/share/custom_interfaces/cmake/custom_interfacesConfig-version.cmake
-- Installing: /home/gustavo-fuentevilla/MATLAB/Tactile_Defects_Localization/UR/custom/matlab_msg_gen/glnxa64/install/share/custom_interfaces/package.xml
