[0.037s] Invoking command in '/home/gustavo-fuentevilla/MATLAB/Tactile_Defects_Localization/UR/custom/matlab_msg_gen/glnxa64/build/custom_interfaces': DEBUGINFOD_URLS=https://debuginfod.ubuntu.com PS1=(venv) VIRTUAL_ENV_PROMPT=(venv) /usr/local/MATLAB/R2025a/bin/glnxa64/cmake/bin/cmake /home/gustavo-fuentevilla/MATLAB/Tactile_Defects_Localization/UR/custom/matlab_msg_gen/glnxa64/src/custom_interfaces -DCMAKE_BUILD_TYPE=Release -DCMAKE_SHARED_LINKER_FLAGS=-Wl,-no-as-needed -DBUILD_TESTING=OFF -DALIAS_ROS2_TF2=1 -DCMAKE_CXX_FLAGS_RELEASE=-O0 -G Ninja -DCMAKE_C_COMPILER=/usr/bin/gcc -DCMAKE_CXX_COMPILER=/usr/bin/g++ -DCMAKE_INSTALL_PREFIX=/home/gustavo-fuentevilla/MATLAB/Tactile_Defects_Localization/UR/custom/matlab_msg_gen/glnxa64/install
[0.155s] -- The C compiler identification is GNU 12.3.0
[0.255s] -- The CXX compiler identification is GNU 12.3.0
[0.280s] -- Detecting C compiler ABI info
[0.383s] -- Detecting C compiler ABI info - done
[0.403s] -- Check for working C compiler: /usr/bin/gcc - skipped
[0.404s] -- Detecting C compile features
[0.405s] -- Detecting C compile features - done
[0.411s] -- Detecting CXX compiler ABI info
[0.522s] -- Detecting CXX compiler ABI info - done
[0.537s] -- Check for working CXX compiler: /usr/bin/g++ - skipped
[0.537s] -- Detecting CXX compile features
[0.538s] -- Detecting CXX compile features - done
[0.539s] -- Building for ROS 2 Jazzy
[0.552s] -- Found ament_cmake: 2.5.2 (/usr/local/MATLAB/R2025a/sys/ros2/glnxa64/ros2/share/ament_cmake/cmake)
[1.043s] -- Found Python3: /home/gustavo-fuentevilla/.matlab/R2025a/ros2/glnxa64/venv/bin/python3 (found version "3.10.18") found components: Interpreter 
[1.161s] -- Found ament_cmake_ros: 0.12.0 (/usr/local/MATLAB/R2025a/sys/ros2/glnxa64/ros2/share/ament_cmake_ros/cmake)
[1.177s] -- Found rosidl_typesupport_c: 3.2.2 (/usr/local/MATLAB/R2025a/sys/ros2/glnxa64/ros2/share/rosidl_typesupport_c/cmake)
[1.178s] -- Using all available rosidl_typesupport_c: rosidl_typesupport_fastrtps_c;rosidl_typesupport_introspection_c
[1.278s] -- Found rosidl_typesupport_cpp: 3.2.2 (/usr/local/MATLAB/R2025a/sys/ros2/glnxa64/ros2/share/rosidl_typesupport_cpp/cmake)
[1.279s] -- Using all available rosidl_typesupport_cpp: rosidl_typesupport_fastrtps_cpp;rosidl_typesupport_introspection_cpp
[1.353s] -- Found rosidl_default_generators: 1.6.0 (/usr/local/MATLAB/R2025a/sys/ros2/glnxa64/ros2/share/rosidl_default_generators/cmake)
[1.370s] -- Found rosidl_adapter: 4.8.1 (/usr/local/MATLAB/R2025a/sys/ros2/glnxa64/ros2/share/rosidl_adapter/cmake)
[1.375s] -- Found builtin_interfaces: 2.0.2 (/usr/local/MATLAB/R2025a/sys/ros2/glnxa64/ros2/share/builtin_interfaces/cmake)
[1.403s] -- Found class_loader: 2.7.0 (/usr/local/MATLAB/R2025a/sys/ros2/glnxa64/ros2/share/class_loader/cmake)
[1.410s] -- Found geometry_msgs: 5.3.5 (/usr/local/MATLAB/R2025a/sys/ros2/glnxa64/ros2/share/geometry_msgs/cmake)
[1.473s] -- Found rclcpp: 28.1.3 (/usr/local/MATLAB/R2025a/sys/ros2/glnxa64/ros2/share/rclcpp/cmake)
[1.588s] -- Found rmw_implementation_cmake: 7.3.1 (/usr/local/MATLAB/R2025a/sys/ros2/glnxa64/ros2/share/rmw_implementation_cmake/cmake)
[1.592s] -- Found rmw_fastrtps_cpp: 9.0.0 (/usr/local/MATLAB/R2025a/sys/ros2/glnxa64/ros2/share/rmw_fastrtps_cpp/cmake)
[1.668s] -- Found FastRTPS: /usr/local/MATLAB/R2025a/sys/ros2/glnxa64/ros2/include (Required is at least version "2.13") 
[1.684s] -- Using RMW implementation 'rmw_fastrtps_cpp' as default
[2.593s] -- Using all available rosidl_typesupport_c: rosidl_typesupport_fastrtps_c;rosidl_typesupport_introspection_c
[2.989s] -- Using all available rosidl_typesupport_cpp: rosidl_typesupport_fastrtps_cpp;rosidl_typesupport_introspection_cpp
[3.005s] -- Configuring done
[3.037s] -- Generating done
[3.054s] -- Build files have been written to: /home/gustavo-fuentevilla/MATLAB/Tactile_Defects_Localization/UR/custom/matlab_msg_gen/glnxa64/build/custom_interfaces
[3.073s] Invoked command in '/home/gustavo-fuentevilla/MATLAB/Tactile_Defects_Localization/UR/custom/matlab_msg_gen/glnxa64/build/custom_interfaces' returned '0': DEBUGINFOD_URLS=https://debuginfod.ubuntu.com PS1=(venv) VIRTUAL_ENV_PROMPT=(venv) /usr/local/MATLAB/R2025a/bin/glnxa64/cmake/bin/cmake /home/gustavo-fuentevilla/MATLAB/Tactile_Defects_Localization/UR/custom/matlab_msg_gen/glnxa64/src/custom_interfaces -DCMAKE_BUILD_TYPE=Release -DCMAKE_SHARED_LINKER_FLAGS=-Wl,-no-as-needed -DBUILD_TESTING=OFF -DALIAS_ROS2_TF2=1 -DCMAKE_CXX_FLAGS_RELEASE=-O0 -G Ninja -DCMAKE_C_COMPILER=/usr/bin/gcc -DCMAKE_CXX_COMPILER=/usr/bin/g++ -DCMAKE_INSTALL_PREFIX=/home/gustavo-fuentevilla/MATLAB/Tactile_Defects_Localization/UR/custom/matlab_msg_gen/glnxa64/install
[3.080s] Invoking command in '/home/gustavo-fuentevilla/MATLAB/Tactile_Defects_Localization/UR/custom/matlab_msg_gen/glnxa64/build/custom_interfaces': DEBUGINFOD_URLS=https://debuginfod.ubuntu.com PS1=(venv) VIRTUAL_ENV_PROMPT=(venv) /usr/local/MATLAB/R2025a/bin/glnxa64/cmake/bin/cmake --build /home/gustavo-fuentevilla/MATLAB/Tactile_Defects_Localization/UR/custom/matlab_msg_gen/glnxa64/build/custom_interfaces -- -j24 -l24
[3.354s] [1/27] Generating type hashes for ROS interfaces
[3.642s] [2/27] Generating C++ code for ROS interfaces
[3.670s] [3/27] Generating C code for ROS interfaces
[3.737s] [4/27] Building C object CMakeFiles/custom_interfaces__rosidl_generator_c.dir/rosidl_generator_c/custom_interfaces/msg/detail/sync_data__type_support.c.o
[3.790s] [5/27] Building C object CMakeFiles/custom_interfaces__rosidl_generator_c.dir/rosidl_generator_c/custom_interfaces/msg/detail/sync_data__description.c.o
[3.840s] [6/27] Building C object CMakeFiles/custom_interfaces__rosidl_generator_c.dir/rosidl_generator_c/custom_interfaces/msg/detail/sync_data__functions.c.o
[3.875s] [7/27] Linking C shared library libcustom_interfaces__rosidl_generator_c.so
[4.225s] [8/27] Generating C type support dispatch for ROS interfaces
[4.243s] [9/27] Generating C introspection for ROS interfaces
[4.263s] [10/27] Generating C++ type support dispatch for ROS interfaces
[4.274s] [11/27] Generating C++ introspection for ROS interfaces
[4.303s] [12/27] Generating C type support for eProsima Fast-RTPS
[4.325s] [13/27] Building CXX object CMakeFiles/custom_interfaces__rosidl_typesupport_c.dir/rosidl_typesupport_c/custom_interfaces/msg/sync_data__type_support.cpp.o
[4.344s] [14/27] Building C object CMakeFiles/custom_interfaces__rosidl_typesupport_introspection_c.dir/rosidl_typesupport_introspection_c/custom_interfaces/msg/detail/sync_data__type_support.c.o
[4.360s] [15/27] Generating C++ type support for eProsima Fast-RTPS
[4.400s] [16/27] Linking C shared library libcustom_interfaces__rosidl_typesupport_introspection_c.so
[4.463s] [17/27] Linking CXX shared library libcustom_interfaces__rosidl_typesupport_c.so
[4.942s] [18/27] Building CXX object CMakeFiles/custom_interfaces__rosidl_typesupport_cpp.dir/rosidl_typesupport_cpp/custom_interfaces/msg/sync_data__type_support.cpp.o
[5.069s] [19/27] Linking CXX shared library libcustom_interfaces__rosidl_typesupport_cpp.so
[5.085s] [20/27] Building CXX object CMakeFiles/custom_interfaces__rosidl_typesupport_introspection_cpp.dir/rosidl_typesupport_introspection_cpp/custom_interfaces/msg/detail/sync_data__type_support.cpp.o
[5.201s] [21/27] Linking CXX shared library libcustom_interfaces__rosidl_typesupport_introspection_cpp.so
[5.223s] [22/27] Building CXX object CMakeFiles/custom_interfaces__rosidl_typesupport_fastrtps_c.dir/rosidl_typesupport_fastrtps_c/custom_interfaces/msg/detail/sync_data__type_support_c.cpp.o
[5.264s] [23/27] Building CXX object CMakeFiles/custom_interfaces__rosidl_typesupport_fastrtps_cpp.dir/rosidl_typesupport_fastrtps_cpp/custom_interfaces/msg/detail/dds_fastrtps/sync_data__type_support.cpp.o
[5.329s] [24/27] Linking CXX shared library libcustom_interfaces__rosidl_typesupport_fastrtps_c.so
[5.369s] [25/27] Linking CXX shared library libcustom_interfaces__rosidl_typesupport_fastrtps_cpp.so
[20.116s] [26/27] Building CXX object CMakeFiles/custom_interfaces_matlab.dir/src/custom_interfaces_SyncData_message.cpp.o
[20.540s] [27/27] Linking CXX shared library libcustom_interfaces_matlab.so
[20.543s] Invoked command in '/home/gustavo-fuentevilla/MATLAB/Tactile_Defects_Localization/UR/custom/matlab_msg_gen/glnxa64/build/custom_interfaces' returned '0': DEBUGINFOD_URLS=https://debuginfod.ubuntu.com PS1=(venv) VIRTUAL_ENV_PROMPT=(venv) /usr/local/MATLAB/R2025a/bin/glnxa64/cmake/bin/cmake --build /home/gustavo-fuentevilla/MATLAB/Tactile_Defects_Localization/UR/custom/matlab_msg_gen/glnxa64/build/custom_interfaces -- -j24 -l24
[20.586s] Invoking command in '/home/gustavo-fuentevilla/MATLAB/Tactile_Defects_Localization/UR/custom/matlab_msg_gen/glnxa64/build/custom_interfaces': DEBUGINFOD_URLS=https://debuginfod.ubuntu.com PS1=(venv) VIRTUAL_ENV_PROMPT=(venv) /usr/local/MATLAB/R2025a/bin/glnxa64/cmake/bin/cmake --install /home/gustavo-fuentevilla/MATLAB/Tactile_Defects_Localization/UR/custom/matlab_msg_gen/glnxa64/build/custom_interfaces
[20.592s] -- Install configuration: "Release"
[20.592s] -- Installing: /home/gustavo-fuentevilla/MATLAB/Tactile_Defects_Localization/UR/custom/matlab_msg_gen/glnxa64/install/share/ament_index/resource_index/rosidl_interfaces/custom_interfaces
[20.593s] -- Installing: /home/gustavo-fuentevilla/MATLAB/Tactile_Defects_Localization/UR/custom/matlab_msg_gen/glnxa64/install/share/custom_interfaces/msg/SyncData.json
[20.593s] -- Installing: /home/gustavo-fuentevilla/MATLAB/Tactile_Defects_Localization/UR/custom/matlab_msg_gen/glnxa64/install/include/custom_interfaces/custom_interfaces
[20.593s] -- Installing: /home/gustavo-fuentevilla/MATLAB/Tactile_Defects_Localization/UR/custom/matlab_msg_gen/glnxa64/install/include/custom_interfaces/custom_interfaces/msg
[20.593s] -- Installing: /home/gustavo-fuentevilla/MATLAB/Tactile_Defects_Localization/UR/custom/matlab_msg_gen/glnxa64/install/include/custom_interfaces/custom_interfaces/msg/sync_data.h
[20.594s] -- Installing: /home/gustavo-fuentevilla/MATLAB/Tactile_Defects_Localization/UR/custom/matlab_msg_gen/glnxa64/install/include/custom_interfaces/custom_interfaces/msg/rosidl_generator_c__visibility_control.h
[20.594s] -- Installing: /home/gustavo-fuentevilla/MATLAB/Tactile_Defects_Localization/UR/custom/matlab_msg_gen/glnxa64/install/include/custom_interfaces/custom_interfaces/msg/detail
[20.594s] -- Installing: /home/gustavo-fuentevilla/MATLAB/Tactile_Defects_Localization/UR/custom/matlab_msg_gen/glnxa64/install/include/custom_interfaces/custom_interfaces/msg/detail/sync_data__functions.h
[20.594s] -- Installing: /home/gustavo-fuentevilla/MATLAB/Tactile_Defects_Localization/UR/custom/matlab_msg_gen/glnxa64/install/include/custom_interfaces/custom_interfaces/msg/detail/sync_data__type_support.c
[20.594s] -- Installing: /home/gustavo-fuentevilla/MATLAB/Tactile_Defects_Localization/UR/custom/matlab_msg_gen/glnxa64/install/include/custom_interfaces/custom_interfaces/msg/detail/sync_data__functions.c
[20.595s] -- Installing: /home/gustavo-fuentevilla/MATLAB/Tactile_Defects_Localization/UR/custom/matlab_msg_gen/glnxa64/install/include/custom_interfaces/custom_interfaces/msg/detail/sync_data__type_support.h
[20.595s] -- Installing: /home/gustavo-fuentevilla/MATLAB/Tactile_Defects_Localization/UR/custom/matlab_msg_gen/glnxa64/install/include/custom_interfaces/custom_interfaces/msg/detail/sync_data__struct.h
[20.595s] -- Installing: /home/gustavo-fuentevilla/MATLAB/Tactile_Defects_Localization/UR/custom/matlab_msg_gen/glnxa64/install/include/custom_interfaces/custom_interfaces/msg/detail/sync_data__description.c
[20.595s] -- Installing: /home/gustavo-fuentevilla/MATLAB/Tactile_Defects_Localization/UR/custom/matlab_msg_gen/glnxa64/install/share/custom_interfaces/environment/library_path.sh
[20.596s] -- Installing: /home/gustavo-fuentevilla/MATLAB/Tactile_Defects_Localization/UR/custom/matlab_msg_gen/glnxa64/install/share/custom_interfaces/environment/library_path.dsv
[20.596s] -- Installing: /home/gustavo-fuentevilla/MATLAB/Tactile_Defects_Localization/UR/custom/matlab_msg_gen/glnxa64/install/lib/libcustom_interfaces__rosidl_generator_c.so
[20.596s] -- Up-to-date: /home/gustavo-fuentevilla/MATLAB/Tactile_Defects_Localization/UR/custom/matlab_msg_gen/glnxa64/install/include/custom_interfaces/custom_interfaces
[20.596s] -- Up-to-date: /home/gustavo-fuentevilla/MATLAB/Tactile_Defects_Localization/UR/custom/matlab_msg_gen/glnxa64/install/include/custom_interfaces/custom_interfaces/msg
[20.596s] -- Installing: /home/gustavo-fuentevilla/MATLAB/Tactile_Defects_Localization/UR/custom/matlab_msg_gen/glnxa64/install/include/custom_interfaces/custom_interfaces/msg/rosidl_typesupport_fastrtps_c__visibility_control.h
[20.596s] -- Up-to-date: /home/gustavo-fuentevilla/MATLAB/Tactile_Defects_Localization/UR/custom/matlab_msg_gen/glnxa64/install/include/custom_interfaces/custom_interfaces/msg/detail
[20.596s] -- Installing: /home/gustavo-fuentevilla/MATLAB/Tactile_Defects_Localization/UR/custom/matlab_msg_gen/glnxa64/install/include/custom_interfaces/custom_interfaces/msg/detail/sync_data__rosidl_typesupport_fastrtps_c.h
[20.596s] -- Installing: /home/gustavo-fuentevilla/MATLAB/Tactile_Defects_Localization/UR/custom/matlab_msg_gen/glnxa64/install/lib/libcustom_interfaces__rosidl_typesupport_fastrtps_c.so
[20.596s] -- Up-to-date: /home/gustavo-fuentevilla/MATLAB/Tactile_Defects_Localization/UR/custom/matlab_msg_gen/glnxa64/install/include/custom_interfaces/custom_interfaces
[20.597s] -- Up-to-date: /home/gustavo-fuentevilla/MATLAB/Tactile_Defects_Localization/UR/custom/matlab_msg_gen/glnxa64/install/include/custom_interfaces/custom_interfaces/msg
[20.597s] -- Installing: /home/gustavo-fuentevilla/MATLAB/Tactile_Defects_Localization/UR/custom/matlab_msg_gen/glnxa64/install/include/custom_interfaces/custom_interfaces/msg/rosidl_typesupport_introspection_c__visibility_control.h
[20.597s] -- Up-to-date: /home/gustavo-fuentevilla/MATLAB/Tactile_Defects_Localization/UR/custom/matlab_msg_gen/glnxa64/install/include/custom_interfaces/custom_interfaces/msg/detail
[20.597s] -- Up-to-date: /home/gustavo-fuentevilla/MATLAB/Tactile_Defects_Localization/UR/custom/matlab_msg_gen/glnxa64/install/include/custom_interfaces/custom_interfaces/msg/detail/sync_data__type_support.c
[20.597s] -- Installing: /home/gustavo-fuentevilla/MATLAB/Tactile_Defects_Localization/UR/custom/matlab_msg_gen/glnxa64/install/include/custom_interfaces/custom_interfaces/msg/detail/sync_data__rosidl_typesupport_introspection_c.h
[20.598s] -- Installing: /home/gustavo-fuentevilla/MATLAB/Tactile_Defects_Localization/UR/custom/matlab_msg_gen/glnxa64/install/lib/libcustom_interfaces__rosidl_typesupport_introspection_c.so
[20.598s] -- Installing: /home/gustavo-fuentevilla/MATLAB/Tactile_Defects_Localization/UR/custom/matlab_msg_gen/glnxa64/install/lib/libcustom_interfaces__rosidl_typesupport_c.so
[20.598s] -- Up-to-date: /home/gustavo-fuentevilla/MATLAB/Tactile_Defects_Localization/UR/custom/matlab_msg_gen/glnxa64/install/include/custom_interfaces/custom_interfaces
[20.599s] -- Up-to-date: /home/gustavo-fuentevilla/MATLAB/Tactile_Defects_Localization/UR/custom/matlab_msg_gen/glnxa64/install/include/custom_interfaces/custom_interfaces/msg
[20.599s] -- Installing: /home/gustavo-fuentevilla/MATLAB/Tactile_Defects_Localization/UR/custom/matlab_msg_gen/glnxa64/install/include/custom_interfaces/custom_interfaces/msg/sync_data.hpp
[20.599s] -- Installing: /home/gustavo-fuentevilla/MATLAB/Tactile_Defects_Localization/UR/custom/matlab_msg_gen/glnxa64/install/include/custom_interfaces/custom_interfaces/msg/rosidl_generator_cpp__visibility_control.hpp
[20.599s] -- Up-to-date: /home/gustavo-fuentevilla/MATLAB/Tactile_Defects_Localization/UR/custom/matlab_msg_gen/glnxa64/install/include/custom_interfaces/custom_interfaces/msg/detail
[20.599s] -- Installing: /home/gustavo-fuentevilla/MATLAB/Tactile_Defects_Localization/UR/custom/matlab_msg_gen/glnxa64/install/include/custom_interfaces/custom_interfaces/msg/detail/sync_data__struct.hpp
[20.600s] -- Installing: /home/gustavo-fuentevilla/MATLAB/Tactile_Defects_Localization/UR/custom/matlab_msg_gen/glnxa64/install/include/custom_interfaces/custom_interfaces/msg/detail/sync_data__builder.hpp
[20.600s] -- Installing: /home/gustavo-fuentevilla/MATLAB/Tactile_Defects_Localization/UR/custom/matlab_msg_gen/glnxa64/install/include/custom_interfaces/custom_interfaces/msg/detail/sync_data__type_support.hpp
[20.600s] -- Installing: /home/gustavo-fuentevilla/MATLAB/Tactile_Defects_Localization/UR/custom/matlab_msg_gen/glnxa64/install/include/custom_interfaces/custom_interfaces/msg/detail/sync_data__traits.hpp
[20.600s] -- Up-to-date: /home/gustavo-fuentevilla/MATLAB/Tactile_Defects_Localization/UR/custom/matlab_msg_gen/glnxa64/install/include/custom_interfaces/custom_interfaces
[20.600s] -- Up-to-date: /home/gustavo-fuentevilla/MATLAB/Tactile_Defects_Localization/UR/custom/matlab_msg_gen/glnxa64/install/include/custom_interfaces/custom_interfaces/msg
[20.600s] -- Up-to-date: /home/gustavo-fuentevilla/MATLAB/Tactile_Defects_Localization/UR/custom/matlab_msg_gen/glnxa64/install/include/custom_interfaces/custom_interfaces/msg/detail
[20.601s] -- Installing: /home/gustavo-fuentevilla/MATLAB/Tactile_Defects_Localization/UR/custom/matlab_msg_gen/glnxa64/install/include/custom_interfaces/custom_interfaces/msg/detail/dds_fastrtps
[20.601s] -- Installing: /home/gustavo-fuentevilla/MATLAB/Tactile_Defects_Localization/UR/custom/matlab_msg_gen/glnxa64/install/include/custom_interfaces/custom_interfaces/msg/detail/sync_data__rosidl_typesupport_fastrtps_cpp.hpp
[20.601s] -- Installing: /home/gustavo-fuentevilla/MATLAB/Tactile_Defects_Localization/UR/custom/matlab_msg_gen/glnxa64/install/include/custom_interfaces/custom_interfaces/msg/rosidl_typesupport_fastrtps_cpp__visibility_control.h
[20.601s] -- Installing: /home/gustavo-fuentevilla/MATLAB/Tactile_Defects_Localization/UR/custom/matlab_msg_gen/glnxa64/install/lib/libcustom_interfaces__rosidl_typesupport_fastrtps_cpp.so
[20.601s] -- Up-to-date: /home/gustavo-fuentevilla/MATLAB/Tactile_Defects_Localization/UR/custom/matlab_msg_gen/glnxa64/install/include/custom_interfaces/custom_interfaces
[20.601s] -- Up-to-date: /home/gustavo-fuentevilla/MATLAB/Tactile_Defects_Localization/UR/custom/matlab_msg_gen/glnxa64/install/include/custom_interfaces/custom_interfaces/msg
[20.602s] -- Up-to-date: /home/gustavo-fuentevilla/MATLAB/Tactile_Defects_Localization/UR/custom/matlab_msg_gen/glnxa64/install/include/custom_interfaces/custom_interfaces/msg/detail
[20.602s] -- Installing: /home/gustavo-fuentevilla/MATLAB/Tactile_Defects_Localization/UR/custom/matlab_msg_gen/glnxa64/install/include/custom_interfaces/custom_interfaces/msg/detail/sync_data__type_support.cpp
[20.602s] -- Installing: /home/gustavo-fuentevilla/MATLAB/Tactile_Defects_Localization/UR/custom/matlab_msg_gen/glnxa64/install/include/custom_interfaces/custom_interfaces/msg/detail/sync_data__rosidl_typesupport_introspection_cpp.hpp
[20.602s] -- Installing: /home/gustavo-fuentevilla/MATLAB/Tactile_Defects_Localization/UR/custom/matlab_msg_gen/glnxa64/install/lib/libcustom_interfaces__rosidl_typesupport_introspection_cpp.so
[20.602s] -- Installing: /home/gustavo-fuentevilla/MATLAB/Tactile_Defects_Localization/UR/custom/matlab_msg_gen/glnxa64/install/lib/libcustom_interfaces__rosidl_typesupport_cpp.so
[20.602s] -- Installing: /home/gustavo-fuentevilla/MATLAB/Tactile_Defects_Localization/UR/custom/matlab_msg_gen/glnxa64/install/share/custom_interfaces/msg/SyncData.idl
[20.603s] -- Installing: /home/gustavo-fuentevilla/MATLAB/Tactile_Defects_Localization/UR/custom/matlab_msg_gen/glnxa64/install/share/custom_interfaces/msg/SyncData.msg
[20.603s] -- Up-to-date: /home/gustavo-fuentevilla/MATLAB/Tactile_Defects_Localization/UR/custom/matlab_msg_gen/glnxa64/install/include
[20.603s] -- Up-to-date: /home/gustavo-fuentevilla/MATLAB/Tactile_Defects_Localization/UR/custom/matlab_msg_gen/glnxa64/install/include/custom_interfaces
[20.603s] -- Installing: /home/gustavo-fuentevilla/MATLAB/Tactile_Defects_Localization/UR/custom/matlab_msg_gen/glnxa64/install/include/custom_interfaces/visibility_control.h
[20.603s] -- Installing: /home/gustavo-fuentevilla/MATLAB/Tactile_Defects_Localization/UR/custom/matlab_msg_gen/glnxa64/install/lib/libcustom_interfaces_matlab.so
[20.606s] -- Installing: /home/gustavo-fuentevilla/MATLAB/Tactile_Defects_Localization/UR/custom/matlab_msg_gen/glnxa64/install/m/
[20.607s] -- Installing: /home/gustavo-fuentevilla/MATLAB/Tactile_Defects_Localization/UR/custom/matlab_msg_gen/glnxa64/install/m//+ros
[20.607s] -- Installing: /home/gustavo-fuentevilla/MATLAB/Tactile_Defects_Localization/UR/custom/matlab_msg_gen/glnxa64/install/m//+ros/+internal
[20.607s] -- Installing: /home/gustavo-fuentevilla/MATLAB/Tactile_Defects_Localization/UR/custom/matlab_msg_gen/glnxa64/install/m//+ros/+internal/+ros2
[20.607s] -- Installing: /home/gustavo-fuentevilla/MATLAB/Tactile_Defects_Localization/UR/custom/matlab_msg_gen/glnxa64/install/m//+ros/+internal/+ros2/+custommessages
[20.608s] -- Installing: /home/gustavo-fuentevilla/MATLAB/Tactile_Defects_Localization/UR/custom/matlab_msg_gen/glnxa64/install/m//+ros/+internal/+ros2/+custommessages/+custom_interfaces
[20.608s] -- Installing: /home/gustavo-fuentevilla/MATLAB/Tactile_Defects_Localization/UR/custom/matlab_msg_gen/glnxa64/install/m//+ros/+internal/+ros2/+custommessages/+custom_interfaces/syncData.m
[20.608s] -- Installing: /home/gustavo-fuentevilla/MATLAB/Tactile_Defects_Localization/UR/custom/matlab_msg_gen/glnxa64/install/share/ament_index/resource_index/package_run_dependencies/custom_interfaces
[20.608s] -- Installing: /home/gustavo-fuentevilla/MATLAB/Tactile_Defects_Localization/UR/custom/matlab_msg_gen/glnxa64/install/share/ament_index/resource_index/parent_prefix_path/custom_interfaces
[20.608s] -- Installing: /home/gustavo-fuentevilla/MATLAB/Tactile_Defects_Localization/UR/custom/matlab_msg_gen/glnxa64/install/share/custom_interfaces/environment/ament_prefix_path.sh
[20.608s] -- Installing: /home/gustavo-fuentevilla/MATLAB/Tactile_Defects_Localization/UR/custom/matlab_msg_gen/glnxa64/install/share/custom_interfaces/environment/ament_prefix_path.dsv
[20.608s] -- Installing: /home/gustavo-fuentevilla/MATLAB/Tactile_Defects_Localization/UR/custom/matlab_msg_gen/glnxa64/install/share/custom_interfaces/environment/path.sh
[20.608s] -- Installing: /home/gustavo-fuentevilla/MATLAB/Tactile_Defects_Localization/UR/custom/matlab_msg_gen/glnxa64/install/share/custom_interfaces/environment/path.dsv
[20.608s] -- Installing: /home/gustavo-fuentevilla/MATLAB/Tactile_Defects_Localization/UR/custom/matlab_msg_gen/glnxa64/install/share/custom_interfaces/local_setup.bash
[20.609s] -- Installing: /home/gustavo-fuentevilla/MATLAB/Tactile_Defects_Localization/UR/custom/matlab_msg_gen/glnxa64/install/share/custom_interfaces/local_setup.sh
[20.609s] -- Installing: /home/gustavo-fuentevilla/MATLAB/Tactile_Defects_Localization/UR/custom/matlab_msg_gen/glnxa64/install/share/custom_interfaces/local_setup.zsh
[20.609s] -- Installing: /home/gustavo-fuentevilla/MATLAB/Tactile_Defects_Localization/UR/custom/matlab_msg_gen/glnxa64/install/share/custom_interfaces/local_setup.dsv
[20.610s] -- Installing: /home/gustavo-fuentevilla/MATLAB/Tactile_Defects_Localization/UR/custom/matlab_msg_gen/glnxa64/install/share/custom_interfaces/package.dsv
[20.610s] -- Installing: /home/gustavo-fuentevilla/MATLAB/Tactile_Defects_Localization/UR/custom/matlab_msg_gen/glnxa64/install/share/ament_index/resource_index/packages/custom_interfaces
[20.610s] -- Installing: /home/gustavo-fuentevilla/MATLAB/Tactile_Defects_Localization/UR/custom/matlab_msg_gen/glnxa64/install/share/custom_interfaces/cmake/export_custom_interfaces__rosidl_generator_cExport.cmake
[20.610s] -- Installing: /home/gustavo-fuentevilla/MATLAB/Tactile_Defects_Localization/UR/custom/matlab_msg_gen/glnxa64/install/share/custom_interfaces/cmake/export_custom_interfaces__rosidl_generator_cExport-release.cmake
[20.611s] -- Installing: /home/gustavo-fuentevilla/MATLAB/Tactile_Defects_Localization/UR/custom/matlab_msg_gen/glnxa64/install/share/custom_interfaces/cmake/export_custom_interfaces__rosidl_typesupport_fastrtps_cExport.cmake
[20.611s] -- Installing: /home/gustavo-fuentevilla/MATLAB/Tactile_Defects_Localization/UR/custom/matlab_msg_gen/glnxa64/install/share/custom_interfaces/cmake/export_custom_interfaces__rosidl_typesupport_fastrtps_cExport-release.cmake
[20.612s] -- Installing: /home/gustavo-fuentevilla/MATLAB/Tactile_Defects_Localization/UR/custom/matlab_msg_gen/glnxa64/install/share/custom_interfaces/cmake/custom_interfaces__rosidl_typesupport_introspection_cExport.cmake
[20.612s] -- Installing: /home/gustavo-fuentevilla/MATLAB/Tactile_Defects_Localization/UR/custom/matlab_msg_gen/glnxa64/install/share/custom_interfaces/cmake/custom_interfaces__rosidl_typesupport_introspection_cExport-release.cmake
[20.612s] -- Installing: /home/gustavo-fuentevilla/MATLAB/Tactile_Defects_Localization/UR/custom/matlab_msg_gen/glnxa64/install/share/custom_interfaces/cmake/custom_interfaces__rosidl_typesupport_cExport.cmake
[20.612s] -- Installing: /home/gustavo-fuentevilla/MATLAB/Tactile_Defects_Localization/UR/custom/matlab_msg_gen/glnxa64/install/share/custom_interfaces/cmake/custom_interfaces__rosidl_typesupport_cExport-release.cmake
[20.612s] -- Installing: /home/gustavo-fuentevilla/MATLAB/Tactile_Defects_Localization/UR/custom/matlab_msg_gen/glnxa64/install/share/custom_interfaces/cmake/export_custom_interfaces__rosidl_generator_cppExport.cmake
[20.612s] -- Installing: /home/gustavo-fuentevilla/MATLAB/Tactile_Defects_Localization/UR/custom/matlab_msg_gen/glnxa64/install/share/custom_interfaces/cmake/export_custom_interfaces__rosidl_typesupport_fastrtps_cppExport.cmake
[20.613s] -- Installing: /home/gustavo-fuentevilla/MATLAB/Tactile_Defects_Localization/UR/custom/matlab_msg_gen/glnxa64/install/share/custom_interfaces/cmake/export_custom_interfaces__rosidl_typesupport_fastrtps_cppExport-release.cmake
[20.613s] -- Installing: /home/gustavo-fuentevilla/MATLAB/Tactile_Defects_Localization/UR/custom/matlab_msg_gen/glnxa64/install/share/custom_interfaces/cmake/custom_interfaces__rosidl_typesupport_introspection_cppExport.cmake
[20.613s] -- Installing: /home/gustavo-fuentevilla/MATLAB/Tactile_Defects_Localization/UR/custom/matlab_msg_gen/glnxa64/install/share/custom_interfaces/cmake/custom_interfaces__rosidl_typesupport_introspection_cppExport-release.cmake
[20.613s] -- Installing: /home/gustavo-fuentevilla/MATLAB/Tactile_Defects_Localization/UR/custom/matlab_msg_gen/glnxa64/install/share/custom_interfaces/cmake/custom_interfaces__rosidl_typesupport_cppExport.cmake
[20.614s] -- Installing: /home/gustavo-fuentevilla/MATLAB/Tactile_Defects_Localization/UR/custom/matlab_msg_gen/glnxa64/install/share/custom_interfaces/cmake/custom_interfaces__rosidl_typesupport_cppExport-release.cmake
[20.614s] -- Installing: /home/gustavo-fuentevilla/MATLAB/Tactile_Defects_Localization/UR/custom/matlab_msg_gen/glnxa64/install/share/custom_interfaces/cmake/rosidl_cmake-extras.cmake
[20.614s] -- Installing: /home/gustavo-fuentevilla/MATLAB/Tactile_Defects_Localization/UR/custom/matlab_msg_gen/glnxa64/install/share/custom_interfaces/cmake/ament_cmake_export_dependencies-extras.cmake
[20.614s] -- Installing: /home/gustavo-fuentevilla/MATLAB/Tactile_Defects_Localization/UR/custom/matlab_msg_gen/glnxa64/install/share/custom_interfaces/cmake/ament_cmake_export_include_directories-extras.cmake
[20.614s] -- Installing: /home/gustavo-fuentevilla/MATLAB/Tactile_Defects_Localization/UR/custom/matlab_msg_gen/glnxa64/install/share/custom_interfaces/cmake/ament_cmake_export_libraries-extras.cmake
[20.614s] -- Installing: /home/gustavo-fuentevilla/MATLAB/Tactile_Defects_Localization/UR/custom/matlab_msg_gen/glnxa64/install/share/custom_interfaces/cmake/ament_cmake_export_targets-extras.cmake
[20.614s] -- Installing: /home/gustavo-fuentevilla/MATLAB/Tactile_Defects_Localization/UR/custom/matlab_msg_gen/glnxa64/install/share/custom_interfaces/cmake/rosidl_cmake_export_typesupport_targets-extras.cmake
[20.614s] -- Installing: /home/gustavo-fuentevilla/MATLAB/Tactile_Defects_Localization/UR/custom/matlab_msg_gen/glnxa64/install/share/custom_interfaces/cmake/rosidl_cmake_export_typesupport_libraries-extras.cmake
[20.615s] -- Installing: /home/gustavo-fuentevilla/MATLAB/Tactile_Defects_Localization/UR/custom/matlab_msg_gen/glnxa64/install/share/custom_interfaces/cmake/custom_interfacesConfig.cmake
[20.615s] -- Installing: /home/gustavo-fuentevilla/MATLAB/Tactile_Defects_Localization/UR/custom/matlab_msg_gen/glnxa64/install/share/custom_interfaces/cmake/custom_interfacesConfig-version.cmake
[20.615s] -- Installing: /home/gustavo-fuentevilla/MATLAB/Tactile_Defects_Localization/UR/custom/matlab_msg_gen/glnxa64/install/share/custom_interfaces/package.xml
[20.617s] Invoked command in '/home/gustavo-fuentevilla/MATLAB/Tactile_Defects_Localization/UR/custom/matlab_msg_gen/glnxa64/build/custom_interfaces' returned '0': DEBUGINFOD_URLS=https://debuginfod.ubuntu.com PS1=(venv) VIRTUAL_ENV_PROMPT=(venv) /usr/local/MATLAB/R2025a/bin/glnxa64/cmake/bin/cmake --install /home/gustavo-fuentevilla/MATLAB/Tactile_Defects_Localization/UR/custom/matlab_msg_gen/glnxa64/build/custom_interfaces
